<?xml version="1.0" encoding="UTF-8"?>
<testsuite xmlns:xsi="http://www.w3.org/2001/XMLSchema-instance" xsi:noNamespaceSchemaLocation="https://maven.apache.org/surefire/maven-surefire-plugin/xsd/surefire-test-report.xsd" name="ronnie.wfusion.task.ExampleBotTaskTest" time="78.817" tests="1" errors="0" skipped="0" failures="0">
  <properties>
    <property name="sun.desktop" value="windows"/>
    <property name="awt.toolkit" value="sun.awt.windows.WToolkit"/>
    <property name="file.encoding.pkg" value="sun.io"/>
    <property name="java.specification.version" value="1.8"/>
    <property name="sun.cpu.isalist" value="amd64"/>
    <property name="sun.jnu.encoding" value="Cp1252"/>
    <property name="java.class.path" value="C:\Users\Joseph Alfred\workfusion-workspace\project1\project1-bcb\target\test-classes;C:\Users\Joseph Alfred\workfusion-workspace\project1\project1-bcb\target\classes;C:\Users\Joseph Alfred\.m2\repository\com\workfusion\odf2\odf2-core\10.2.7.18\odf2-core-10.2.7.18.jar;C:\Users\Joseph Alfred\.m2\repository\com\workfusion\odf2\odf2-compiler\10.2.7.18\odf2-compiler-10.2.7.18.jar;C:\Users\Joseph Alfred\.m2\repository\com\workfusion\odf2\odf2-cdi\10.2.7.18\odf2-cdi-10.2.7.18.jar;C:\Users\Joseph Alfred\.m2\repository\javax\inject\javax.inject\1\javax.inject-1.jar;C:\Users\Joseph Alfred\.m2\repository\com\j256\ormlite\ormlite-jdbc\5.7\ormlite-jdbc-5.7.jar;C:\Users\Joseph Alfred\.m2\repository\com\j256\ormlite\ormlite-core\5.7\ormlite-core-5.7.jar;C:\Users\Joseph Alfred\.m2\repository\commons-io\commons-io\2.11.0\commons-io-2.11.0.jar;C:\Users\Joseph Alfred\.m2\repository\com\workfusion\odf\ocr-client\10.2.7.1\ocr-client-10.2.7.1.jar;C:\Users\Joseph Alfred\.m2\repository\org\springframework\spring-web\5.1.19.RELEASE\spring-web-5.1.19.RELEASE.jar;C:\Users\Joseph Alfred\.m2\repository\org\apache\httpcomponents\httpclient\4.5.13\httpclient-4.5.13.jar;C:\Users\Joseph Alfred\.m2\repository\org\apache\httpcomponents\httpcore\4.4.13\httpcore-4.4.13.jar;C:\Users\Joseph Alfred\.m2\repository\com\google\guava\guava\31.1-jre\guava-31.1-jre.jar;C:\Users\Joseph Alfred\.m2\repository\com\google\guava\failureaccess\1.0.1\failureaccess-1.0.1.jar;C:\Users\Joseph Alfred\.m2\repository\com\google\guava\listenablefuture\9999.0-empty-to-avoid-conflict-with-guava\listenablefuture-9999.0-empty-to-avoid-conflict-with-guava.jar;C:\Users\Joseph Alfred\.m2\repository\org\checkerframework\checker-qual\3.12.0\checker-qual-3.12.0.jar;C:\Users\Joseph Alfred\.m2\repository\com\google\errorprone\error_prone_annotations\2.11.0\error_prone_annotations-2.11.0.jar;C:\Users\Joseph Alfred\.m2\repository\com\google\j2objc\j2objc-annotations\1.3\j2objc-annotations-1.3.jar;C:\Users\Joseph Alfred\.m2\repository\com\workfusion\util\jwt\1.0.118\jwt-1.0.118.jar;C:\Users\Joseph Alfred\.m2\repository\com\nimbusds\nimbus-jose-jwt\5.1\nimbus-jose-jwt-5.1.jar;C:\Users\Joseph Alfred\.m2\repository\com\github\stephenc\jcip\jcip-annotations\1.0-1\jcip-annotations-1.0-1.jar;C:\Users\Joseph Alfred\.m2\repository\commons-codec\commons-codec\1.11\commons-codec-1.11.jar;C:\Users\Joseph Alfred\.m2\repository\com\auth0\java-jwt\3.7.0\java-jwt-3.7.0.jar;C:\Users\Joseph Alfred\.m2\repository\joda-time\joda-time\2.9.4\joda-time-2.9.4.jar;C:\Users\Joseph Alfred\.m2\repository\org\json\json\20211205\json-20211205.jar;C:\Users\Joseph Alfred\.m2\repository\com\jayway\jsonpath\json-path\2.6.0\json-path-2.6.0.jar;C:\Users\Joseph Alfred\.m2\repository\com\amazonaws\aws-java-sdk-s3\1.12.261\aws-java-sdk-s3-1.12.261.jar;C:\Users\Joseph Alfred\.m2\repository\com\amazonaws\aws-java-sdk-kms\1.12.261\aws-java-sdk-kms-1.12.261.jar;C:\Users\Joseph Alfred\.m2\repository\com\amazonaws\aws-java-sdk-core\1.12.261\aws-java-sdk-core-1.12.261.jar;C:\Users\Joseph Alfred\.m2\repository\software\amazon\ion\ion-java\1.0.2\ion-java-1.0.2.jar;C:\Users\Joseph Alfred\.m2\repository\com\fasterxml\jackson\dataformat\jackson-dataformat-cbor\2.13.1\jackson-dataformat-cbor-2.13.1.jar;C:\Users\Joseph Alfred\.m2\repository\com\amazonaws\jmespath-java\1.12.261\jmespath-java-1.12.261.jar;C:\Users\Joseph Alfred\.m2\repository\org\apache\commons\commons-lang3\3.12.0\commons-lang3-3.12.0.jar;C:\Users\Joseph Alfred\.m2\repository\commons-beanutils\commons-beanutils\1.9.4\commons-beanutils-1.9.4.jar;C:\Users\Joseph Alfred\.m2\repository\commons-logging\commons-logging\1.2\commons-logging-1.2.jar;C:\Users\Joseph Alfred\.m2\repository\commons-collections\commons-collections\3.2.2\commons-collections-3.2.2.jar;C:\Users\Joseph Alfred\.m2\repository\com\workfusion\odf\bot-task-junit\0.1.1\bot-task-junit-0.1.1.jar;C:\Users\Joseph Alfred\.m2\repository\com\workfusion\studio\local-execution-api\1.0.6\local-execution-api-1.0.6.jar;C:\Users\Joseph Alfred\.m2\repository\com\workfusion\odf\tools-csv\1.1\tools-csv-1.1.jar;C:\Users\Joseph Alfred\.m2\repository\org\apache\commons\commons-csv\1.7\commons-csv-1.7.jar;C:\Users\Joseph Alfred\.m2\repository\org\springframework\spring-context\5.1.19.RELEASE\spring-context-5.1.19.RELEASE.jar;C:\Users\Joseph Alfred\.m2\repository\org\springframework\spring-aop\5.1.19.RELEASE\spring-aop-5.1.19.RELEASE.jar;C:\Users\Joseph Alfred\.m2\repository\org\springframework\spring-beans\5.1.19.RELEASE\spring-beans-5.1.19.RELEASE.jar;C:\Users\Joseph Alfred\.m2\repository\org\springframework\spring-core\5.1.19.RELEASE\spring-core-5.1.19.RELEASE.jar;C:\Users\Joseph Alfred\.m2\repository\org\springframework\spring-jcl\5.1.19.RELEASE\spring-jcl-5.1.19.RELEASE.jar;C:\Users\Joseph Alfred\.m2\repository\org\springframework\spring-expression\5.1.19.RELEASE\spring-expression-5.1.19.RELEASE.jar;C:\Users\Joseph Alfred\.m2\repository\org\springframework\spring-jdbc\5.1.19.RELEASE\spring-jdbc-5.1.19.RELEASE.jar;C:\Users\Joseph Alfred\.m2\repository\org\springframework\spring-tx\5.1.19.RELEASE\spring-tx-5.1.19.RELEASE.jar;C:\Users\Joseph Alfred\.m2\repository\org\springframework\spring-test\5.1.19.RELEASE\spring-test-5.1.19.RELEASE.jar;C:\Users\Joseph Alfred\.m2\repository\org\mock-server\mockserver-netty-no-dependencies\5.14.0\mockserver-netty-no-dependencies-5.14.0.jar;C:\Users\Joseph Alfred\.m2\repository\org\apache\commons\commons-text\1.10.0\commons-text-1.10.0.jar;C:\Users\Joseph Alfred\.m2\repository\commons-fileupload\commons-fileupload\1.4\commons-fileupload-1.4.jar;C:\Users\Joseph Alfred\.m2\repository\org\junit\jupiter\junit-jupiter-api\5.5.2\junit-jupiter-api-5.5.2.jar;C:\Users\Joseph Alfred\.m2\repository\org\apiguardian\apiguardian-api\1.1.0\apiguardian-api-1.1.0.jar;C:\Users\Joseph Alfred\.m2\repository\org\opentest4j\opentest4j\1.2.0\opentest4j-1.2.0.jar;C:\Users\Joseph Alfred\.m2\repository\org\junit\platform\junit-platform-commons\1.5.2\junit-platform-commons-1.5.2.jar;C:\Users\Joseph Alfred\.m2\repository\org\junit\jupiter\junit-jupiter-engine\5.5.2\junit-jupiter-engine-5.5.2.jar;C:\Users\Joseph Alfred\.m2\repository\org\junit\platform\junit-platform-engine\1.5.2\junit-platform-engine-1.5.2.jar;C:\Users\Joseph Alfred\.m2\repository\io\findify\s3mock_2.13\0.2.6\s3mock_2.13-0.2.6.jar;C:\Users\Joseph Alfred\.m2\repository\org\scala-lang\scala-library\2.13.2\scala-library-2.13.2.jar;C:\Users\Joseph Alfred\.m2\repository\com\typesafe\akka\akka-stream_2.13\2.5.31\akka-stream_2.13-2.5.31.jar;C:\Users\Joseph Alfred\.m2\repository\com\typesafe\akka\akka-actor_2.13\2.5.31\akka-actor_2.13-2.5.31.jar;C:\Users\Joseph Alfred\.m2\repository\com\typesafe\config\1.3.3\config-1.3.3.jar;C:\Users\Joseph Alfred\.m2\repository\org\scala-lang\modules\scala-java8-compat_2.13\0.9.0\scala-java8-compat_2.13-0.9.0.jar;C:\Users\Joseph Alfred\.m2\repository\com\typesafe\akka\akka-protobuf_2.13\2.5.31\akka-protobuf_2.13-2.5.31.jar;C:\Users\Joseph Alfred\.m2\repository\org\reactivestreams\reactive-streams\1.0.2\reactive-streams-1.0.2.jar;C:\Users\Joseph Alfred\.m2\repository\com\typesafe\ssl-config-core_2.13\0.3.8\ssl-config-core_2.13-0.3.8.jar;C:\Users\Joseph Alfred\.m2\repository\org\scala-lang\modules\scala-parser-combinators_2.13\1.1.2\scala-parser-combinators_2.13-1.1.2.jar;C:\Users\Joseph Alfred\.m2\repository\com\typesafe\akka\akka-http_2.13\10.1.12\akka-http_2.13-10.1.12.jar;C:\Users\Joseph Alfred\.m2\repository\com\typesafe\akka\akka-http-core_2.13\10.1.12\akka-http-core_2.13-10.1.12.jar;C:\Users\Joseph Alfred\.m2\repository\com\typesafe\akka\akka-parsing_2.13\10.1.12\akka-parsing_2.13-10.1.12.jar;C:\Users\Joseph Alfred\.m2\repository\org\scala-lang\modules\scala-xml_2.13\1.3.0\scala-xml_2.13-1.3.0.jar;C:\Users\Joseph Alfred\.m2\repository\org\scala-lang\modules\scala-collection-compat_2.13\2.1.6\scala-collection-compat_2.13-2.1.6.jar;C:\Users\Joseph Alfred\.m2\repository\com\github\pathikrit\better-files_2.13\3.9.1\better-files_2.13-3.9.1.jar;C:\Users\Joseph Alfred\.m2\repository\com\typesafe\scala-logging\scala-logging_2.13\3.9.2\scala-logging_2.13-3.9.2.jar;C:\Users\Joseph Alfred\.m2\repository\org\scala-lang\scala-reflect\2.13.0\scala-reflect-2.13.0.jar;C:\Users\Joseph Alfred\.m2\repository\org\iq80\leveldb\leveldb\0.12\leveldb-0.12.jar;C:\Users\Joseph Alfred\.m2\repository\org\iq80\leveldb\leveldb-api\0.12\leveldb-api-0.12.jar;C:\Users\Joseph Alfred\.m2\repository\javax\xml\bind\jaxb-api\2.3.1\jaxb-api-2.3.1.jar;C:\Users\Joseph Alfred\.m2\repository\javax\activation\javax.activation-api\1.2.0\javax.activation-api-1.2.0.jar;C:\Users\Joseph Alfred\.m2\repository\com\workfusion\odf2\odf2-junit\10.2.7.18\odf2-junit-10.2.7.18.jar;C:\Users\Joseph Alfred\.m2\repository\com\workfusion\studio\bot-execution-engine\10.2.7.21\bot-execution-engine-10.2.7.21.jar;C:\Users\Joseph Alfred\.m2\repository\com\workfusion\studio\bot-execution-broker\10.2.7.21\bot-execution-broker-10.2.7.21.jar;C:\Users\Joseph Alfred\.m2\repository\org\apache\qpid\qpid-broker-core\7.0.7\qpid-broker-core-7.0.7.jar;C:\Users\Joseph Alfred\.m2\repository\org\apache\bcel\bcel\5.2\bcel-5.2.jar;C:\Users\Joseph Alfred\.m2\repository\org\apache\qpid\qpid-broker-plugins-amqp-0-8-protocol\7.0.7\qpid-broker-plugins-amqp-0-8-protocol-7.0.7.jar;C:\Users\Joseph Alfred\.m2\repository\org\apache\qpid\qpid-broker-plugins-memory-store\7.0.7\qpid-broker-plugins-memory-store-7.0.7.jar;C:\Users\Joseph Alfred\.m2\repository\com\workfusion\studio\bot-execution-datastore\10.2.7.21\bot-execution-datastore-10.2.7.21.jar;C:\Users\Joseph Alfred\.m2\repository\com\h2database\h2\1.4.200\h2-1.4.200.jar;C:\Users\Joseph Alfred\.m2\repository\com\workfusion\studio\bot-execution-rest\10.2.7.21\bot-execution-rest-10.2.7.21.jar;C:\Users\Joseph Alfred\.m2\repository\com\workfusion\studio\bot-execution-client\10.2.7.21\bot-execution-client-10.2.7.21.jar;C:\Users\Joseph Alfred\.m2\repository\com\workfusion\spa\core\execution-client\10.2.100.4\execution-client-10.2.100.4.jar;C:\Users\Joseph Alfred\.m2\repository\com\workfusion\spa\core\execution-amqp\10.2.100.4\execution-amqp-10.2.100.4.jar;C:\Users\Joseph Alfred\.m2\repository\com\cedarsoftware\json-io\4.10.0\json-io-4.10.0.jar;C:\Users\Joseph Alfred\.m2\repository\com\workfusion\spa\core\execution-metrics\10.2.100.4\execution-metrics-10.2.100.4.jar;C:\Users\Joseph Alfred\.m2\repository\net\logstash\logback\logstash-logback-encoder\6.1\logstash-logback-encoder-6.1.jar;C:\Users\Joseph Alfred\.m2\repository\com\workfusion\spa\bot\task-execution-api\10.2.7.20\task-execution-api-10.2.7.20.jar;C:\Users\Joseph Alfred\.m2\repository\org\zeroturnaround\zt-zip\1.14\zt-zip-1.14.jar;C:\Users\Joseph Alfred\.m2\repository\com\fasterxml\jackson\core\jackson-databind\2.13.1\jackson-databind-2.13.1.jar;C:\Users\Joseph Alfred\.m2\repository\com\fasterxml\jackson\core\jackson-annotations\2.13.1\jackson-annotations-2.13.1.jar;C:\Users\Joseph Alfred\.m2\repository\com\fasterxml\jackson\core\jackson-core\2.13.1\jackson-core-2.13.1.jar;C:\Users\Joseph Alfred\.m2\repository\com\workfusion\spa\ct\worker-app\10.2.7.22\worker-app-10.2.7.22-thin.jar;C:\Users\Joseph Alfred\.m2\repository\com\workfusion\spa\core\execution-worker\10.2.100.4\execution-worker-10.2.100.4.jar;C:\Users\Joseph Alfred\.m2\repository\com\workfusion\spa\core\execution-api\10.2.100.4\execution-api-10.2.100.4.jar;C:\Users\Joseph Alfred\.m2\repository\com\workfusion\spa\core\execution-constraints\10.2.100.4\execution-constraints-10.2.100.4.jar;C:\Users\Joseph Alfred\.m2\repository\org\apache\zookeeper\zookeeper\3.8.0\zookeeper-3.8.0.jar;C:\Users\Joseph Alfred\.m2\repository\org\apache\zookeeper\zookeeper-jute\3.8.0\zookeeper-jute-3.8.0.jar;C:\Users\Joseph Alfred\.m2\repository\org\apache\yetus\audience-annotations\0.12.0\audience-annotations-0.12.0.jar;C:\Users\Joseph Alfred\.m2\repository\io\netty\netty-handler\4.1.73.Final\netty-handler-4.1.73.Final.jar;C:\Users\Joseph Alfred\.m2\repository\io\netty\netty-common\4.1.73.Final\netty-common-4.1.73.Final.jar;C:\Users\Joseph Alfred\.m2\repository\io\netty\netty-resolver\4.1.73.Final\netty-resolver-4.1.73.Final.jar;C:\Users\Joseph Alfred\.m2\repository\io\netty\netty-buffer\4.1.73.Final\netty-buffer-4.1.73.Final.jar;C:\Users\Joseph Alfred\.m2\repository\io\netty\netty-transport\4.1.73.Final\netty-transport-4.1.73.Final.jar;C:\Users\Joseph Alfred\.m2\repository\io\netty\netty-codec\4.1.73.Final\netty-codec-4.1.73.Final.jar;C:\Users\Joseph Alfred\.m2\repository\io\netty\netty-tcnative\2.0.48.Final\netty-tcnative-2.0.48.Final.jar;C:\Users\Joseph Alfred\.m2\repository\io\netty\netty-tcnative-classes\2.0.48.Final\netty-tcnative-classes-2.0.48.Final.jar;C:\Users\Joseph Alfred\.m2\repository\io\netty\netty-transport-native-epoll\4.1.73.Final\netty-transport-native-epoll-4.1.73.Final.jar;C:\Users\Joseph Alfred\.m2\repository\io\netty\netty-transport-native-unix-common\4.1.73.Final\netty-transport-native-unix-common-4.1.73.Final.jar;C:\Users\Joseph Alfred\.m2\repository\io\netty\netty-transport-classes-epoll\4.1.73.Final\netty-transport-classes-epoll-4.1.73.Final.jar;C:\Users\Joseph Alfred\.m2\repository\org\apache\curator\curator-recipes\5.2.1\curator-recipes-5.2.1.jar;C:\Users\Joseph Alfred\.m2\repository\org\apache\curator\curator-framework\5.2.1\curator-framework-5.2.1.jar;C:\Users\Joseph Alfred\.m2\repository\org\apache\curator\curator-client\5.2.1\curator-client-5.2.1.jar;C:\Users\Joseph Alfred\.m2\repository\com\github\oshi\oshi-core\6.2.1\oshi-core-6.2.1.jar;C:\Users\Joseph Alfred\.m2\repository\com\workfusion\spa\java\native\worker\java-native-worker-api\1.0.0.7\java-native-worker-api-1.0.0.7.jar;C:\Users\Joseph Alfred\.m2\repository\org\springframework\boot\spring-boot-starter-web\2.1.18.RELEASE\spring-boot-starter-web-2.1.18.RELEASE.jar;C:\Users\Joseph Alfred\.m2\repository\org\springframework\boot\spring-boot-starter\2.1.18.RELEASE\spring-boot-starter-2.1.18.RELEASE.jar;C:\Users\Joseph Alfred\.m2\repository\org\springframework\boot\spring-boot\2.1.18.RELEASE\spring-boot-2.1.18.RELEASE.jar;C:\Users\Joseph Alfred\.m2\repository\org\springframework\boot\spring-boot-autoconfigure\2.1.18.RELEASE\spring-boot-autoconfigure-2.1.18.RELEASE.jar;C:\Users\Joseph Alfred\.m2\repository\org\springframework\boot\spring-boot-starter-logging\2.1.18.RELEASE\spring-boot-starter-logging-2.1.18.RELEASE.jar;C:\Users\Joseph Alfred\.m2\repository\org\slf4j\jul-to-slf4j\1.7.30\jul-to-slf4j-1.7.30.jar;C:\Users\Joseph Alfred\.m2\repository\javax\annotation\javax.annotation-api\1.3.2\javax.annotation-api-1.3.2.jar;C:\Users\Joseph Alfred\.m2\repository\org\yaml\snakeyaml\1.23\snakeyaml-1.23.jar;C:\Users\Joseph Alfred\.m2\repository\org\springframework\boot\spring-boot-starter-json\2.1.18.RELEASE\spring-boot-starter-json-2.1.18.RELEASE.jar;C:\Users\Joseph Alfred\.m2\repository\com\fasterxml\jackson\datatype\jackson-datatype-jdk8\2.13.1\jackson-datatype-jdk8-2.13.1.jar;C:\Users\Joseph Alfred\.m2\repository\com\fasterxml\jackson\datatype\jackson-datatype-jsr310\2.13.1\jackson-datatype-jsr310-2.13.1.jar;C:\Users\Joseph Alfred\.m2\repository\com\fasterxml\jackson\module\jackson-module-parameter-names\2.13.1\jackson-module-parameter-names-2.13.1.jar;C:\Users\Joseph Alfred\.m2\repository\org\springframework\boot\spring-boot-starter-tomcat\2.1.18.RELEASE\spring-boot-starter-tomcat-2.1.18.RELEASE.jar;C:\Users\Joseph Alfred\.m2\repository\org\apache\tomcat\embed\tomcat-embed-core\9.0.39\tomcat-embed-core-9.0.39.jar;C:\Users\Joseph Alfred\.m2\repository\org\apache\tomcat\embed\tomcat-embed-el\9.0.39\tomcat-embed-el-9.0.39.jar;C:\Users\Joseph Alfred\.m2\repository\org\apache\tomcat\embed\tomcat-embed-websocket\9.0.39\tomcat-embed-websocket-9.0.39.jar;C:\Users\Joseph Alfred\.m2\repository\org\springframework\spring-webmvc\5.1.19.RELEASE\spring-webmvc-5.1.19.RELEASE.jar;C:\Users\Joseph Alfred\.m2\repository\org\springframework\boot\spring-boot-starter-actuator\2.1.18.RELEASE\spring-boot-starter-actuator-2.1.18.RELEASE.jar;C:\Users\Joseph Alfred\.m2\repository\org\springframework\boot\spring-boot-actuator-autoconfigure\2.1.18.RELEASE\spring-boot-actuator-autoconfigure-2.1.18.RELEASE.jar;C:\Users\Joseph Alfred\.m2\repository\org\springframework\boot\spring-boot-actuator\2.1.18.RELEASE\spring-boot-actuator-2.1.18.RELEASE.jar;C:\Users\Joseph Alfred\.m2\repository\io\micrometer\micrometer-core\1.1.19\micrometer-core-1.1.19.jar;C:\Users\Joseph Alfred\.m2\repository\org\hdrhistogram\HdrHistogram\2.1.9\HdrHistogram-2.1.9.jar;C:\Users\Joseph Alfred\.m2\repository\org\latencyutils\LatencyUtils\2.0.3\LatencyUtils-2.0.3.jar;C:\Users\Joseph Alfred\.m2\repository\org\springframework\boot\spring-boot-starter-amqp\2.1.18.RELEASE\spring-boot-starter-amqp-2.1.18.RELEASE.jar;C:\Users\Joseph Alfred\.m2\repository\org\springframework\cloud\spring-cloud-starter-zookeeper-config\2.0.0.RELEASE\spring-cloud-starter-zookeeper-config-2.0.0.RELEASE.jar;C:\Users\Joseph Alfred\.m2\repository\org\springframework\cloud\spring-cloud-starter-zookeeper\2.0.0.RELEASE\spring-cloud-starter-zookeeper-2.0.0.RELEASE.jar;C:\Users\Joseph Alfred\.m2\repository\org\springframework\cloud\spring-cloud-commons\2.0.0.RELEASE\spring-cloud-commons-2.0.0.RELEASE.jar;C:\Users\Joseph Alfred\.m2\repository\org\springframework\cloud\spring-cloud-zookeeper-core\2.0.0.RELEASE\spring-cloud-zookeeper-core-2.0.0.RELEASE.jar;C:\Users\Joseph Alfred\.m2\repository\org\springframework\cloud\spring-cloud-zookeeper-config\2.0.0.RELEASE\spring-cloud-zookeeper-config-2.0.0.RELEASE.jar;C:\Users\Joseph Alfred\.m2\repository\org\springframework\cloud\spring-cloud-context\2.0.0.RELEASE\spring-cloud-context-2.0.0.RELEASE.jar;C:\Users\Joseph Alfred\.m2\repository\org\springframework\security\spring-security-crypto\5.0.6.RELEASE\spring-security-crypto-5.0.6.RELEASE.jar;C:\Users\Joseph Alfred\.m2\repository\com\workfusion\util\runtime-logger-configurer\1.0.130\runtime-logger-configurer-1.0.130.jar;C:\Users\Joseph Alfred\.m2\repository\org\apache\curator\curator-x-discovery\5.2.1\curator-x-discovery-5.2.1.jar;C:\Users\Joseph Alfred\.m2\repository\org\javassist\javassist\3.22.0-GA\javassist-3.22.0-GA.jar;C:\Users\Joseph Alfred\.m2\repository\com\squareup\okhttp3\okhttp\3.11.0\okhttp-3.11.0.jar;C:\Users\Joseph Alfred\.m2\repository\com\squareup\okio\okio\1.14.0\okio-1.14.0.jar;C:\Users\Joseph Alfred\.m2\repository\io\github\openfeign\feign-gson\10.0.1\feign-gson-10.0.1.jar;C:\Users\Joseph Alfred\.m2\repository\io\github\openfeign\feign-core\10.0.1\feign-core-10.0.1.jar;C:\Users\Joseph Alfred\.m2\repository\com\microsoft\sqlserver\mssql-jdbc\7.0.0.jre8\mssql-jdbc-7.0.0.jre8.jar;C:\Users\Joseph Alfred\.m2\repository\org\codehaus\woodstox\stax2-api\3.1.4\stax2-api-3.1.4.jar;C:\Users\Joseph Alfred\.m2\repository\co\elastic\apm\apm-agent-attach\1.33.0\apm-agent-attach-1.33.0.jar;C:\Users\Joseph Alfred\.m2\repository\co\elastic\apm\apm-agent-api\1.33.0\apm-agent-api-1.33.0.jar;C:\Users\Joseph Alfred\.m2\repository\org\springframework\amqp\spring-rabbit\2.0.14.RELEASE\spring-rabbit-2.0.14.RELEASE.jar;C:\Users\Joseph Alfred\.m2\repository\com\rabbitmq\amqp-client\5.1.2\amqp-client-5.1.2.jar;C:\Users\Joseph Alfred\.m2\repository\org\springframework\spring-messaging\5.0.15.RELEASE\spring-messaging-5.0.15.RELEASE.jar;C:\Users\Joseph Alfred\.m2\repository\org\springframework\amqp\spring-amqp\2.0.14.RELEASE\spring-amqp-2.0.14.RELEASE.jar;C:\Users\Joseph Alfred\.m2\repository\org\springframework\retry\spring-retry\1.2.4.RELEASE\spring-retry-1.2.4.RELEASE.jar;C:\Users\Joseph Alfred\.m2\repository\com\workfusion\spa\bot\bot-execution-core\10.2.7.20\bot-execution-core-10.2.7.20.jar;C:\Users\Joseph Alfred\.m2\repository\com\workfusion\spa\bot\automl-services-client-bot\10.2.7.20\automl-services-client-bot-10.2.7.20.jar;C:\Users\Joseph Alfred\.m2\repository\com\workfusion\spa\automl\automl-commons\1.1.133\automl-commons-1.1.133.jar;C:\Users\Joseph Alfred\.m2\repository\io\github\openfeign\feign-jackson\10.3.0\feign-jackson-10.3.0.jar;C:\Users\Joseph Alfred\.m2\repository\com\google\protobuf\protobuf-java\2.5.0\protobuf-java-2.5.0.jar;C:\Users\Joseph Alfred\.m2\repository\xpp3\xpp3\1.1.4c\xpp3-1.1.4c.jar;C:\Users\Joseph Alfred\.m2\repository\org\apache\commons\commons-digester3\3.2\commons-digester3-3.2.jar;C:\Users\Joseph Alfred\.m2\repository\cglib\cglib\2.2.2\cglib-2.2.2.jar;C:\Users\Joseph Alfred\.m2\repository\asm\asm\3.3.1\asm-3.3.1.jar;C:\Users\Joseph Alfred\.m2\repository\com\workfusion\recorder-playback\6.5.2\recorder-playback-6.5.2.jar;C:\Users\Joseph Alfred\.m2\repository\com\workfusion\mfw\recorder-flow-model\10.2.6.3\recorder-flow-model-10.2.6.3.jar;C:\Users\Joseph Alfred\.m2\repository\org\apache\tika\tika-parsers\1.14\tika-parsers-1.14.jar;C:\Users\Joseph Alfred\.m2\repository\org\apache\tika\tika-core\1.14\tika-core-1.14.jar;C:\Users\Joseph Alfred\.m2\repository\org\tallison\jmatio\1.2\jmatio-1.2.jar;C:\Users\Joseph Alfred\.m2\repository\org\apache\commons\commons-compress\1.12\commons-compress-1.12.jar;C:\Users\Joseph Alfred\.m2\repository\org\apache\pdfbox\pdfbox\2.0.3\pdfbox-2.0.3.jar;C:\Users\Joseph Alfred\.m2\repository\org\apache\pdfbox\fontbox\2.0.3\fontbox-2.0.3.jar;C:\Users\Joseph Alfred\.m2\repository\org\apache\pdfbox\pdfbox-tools\2.0.3\pdfbox-tools-2.0.3.jar;C:\Users\Joseph Alfred\.m2\repository\org\apache\pdfbox\pdfbox-debugger\2.0.3\pdfbox-debugger-2.0.3.jar;C:\Users\Joseph Alfred\.m2\repository\org\apache\pdfbox\jempbox\1.8.12\jempbox-1.8.12.jar;C:\Users\Joseph Alfred\.m2\repository\org\bouncycastle\bcmail-jdk15on\1.54\bcmail-jdk15on-1.54.jar;C:\Users\Joseph Alfred\.m2\repository\org\bouncycastle\bcpkix-jdk15on\1.54\bcpkix-jdk15on-1.54.jar;C:\Users\Joseph Alfred\.m2\repository\org\bouncycastle\bcprov-jdk15on\1.54\bcprov-jdk15on-1.54.jar;C:\Users\Joseph Alfred\.m2\repository\org\ccil\cowan\tagsoup\tagsoup\1.2.1\tagsoup-1.2.1.jar;C:\Users\Joseph Alfred\.m2\repository\org\ow2\asm\asm\5.0.4\asm-5.0.4.jar;C:\Users\Joseph Alfred\.m2\repository\de\l3s\boilerpipe\boilerpipe\1.1.0\boilerpipe-1.1.0.jar;C:\Users\Joseph Alfred\.m2\repository\com\rometools\rome\1.5.1\rome-1.5.1.jar;C:\Users\Joseph Alfred\.m2\repository\com\rometools\rome-utils\1.5.1\rome-utils-1.5.1.jar;C:\Users\Joseph Alfred\.m2\repository\com\googlecode\juniversalchardet\juniversalchardet\1.0.3\juniversalchardet-1.0.3.jar;C:\Users\Joseph Alfred\.m2\repository\org\codelibs\jhighlight\1.0.2\jhighlight-1.0.2.jar;C:\Users\Joseph Alfred\.m2\repository\org\apache\cxf\cxf-rt-rs-client\3.0.3\cxf-rt-rs-client-3.0.3.jar;C:\Users\Joseph Alfred\.m2\repository\org\apache\cxf\cxf-rt-transports-http\3.0.3\cxf-rt-transports-http-3.0.3.jar;C:\Users\Joseph Alfred\.m2\repository\org\apache\cxf\cxf-core\3.0.3\cxf-core-3.0.3.jar;C:\Users\Joseph Alfred\.m2\repository\org\codehaus\woodstox\woodstox-core-asl\4.4.1\woodstox-core-asl-4.4.1.jar;C:\Users\Joseph Alfred\.m2\repository\org\apache\ws\xmlschema\xmlschema-core\2.1.0\xmlschema-core-2.1.0.jar;C:\Users\Joseph Alfred\.m2\repository\org\apache\cxf\cxf-rt-frontend-jaxrs\3.0.3\cxf-rt-frontend-jaxrs-3.0.3.jar;C:\Users\Joseph Alfred\.m2\repository\javax\ws\rs\javax.ws.rs-api\2.0.1\javax.ws.rs-api-2.0.1.jar;C:\Users\Joseph Alfred\.m2\repository\com\googlecode\json-simple\json-simple\1.1.1\json-simple-1.1.1.jar;C:\Users\Joseph Alfred\.m2\repository\org\pf4j\pf4j\3.6.0\pf4j-3.6.0.jar;C:\Users\Joseph Alfred\.m2\repository\com\github\zafarkhaja\java-semver\0.9.0\java-semver-0.9.0.jar;C:\Users\Joseph Alfred\.m2\repository\net\bytebuddy\byte-buddy\1.9.10\byte-buddy-1.9.10.jar;C:\Users\Joseph Alfred\.m2\repository\commons-digester\commons-digester\2.1\commons-digester-2.1.jar;C:\Users\Joseph Alfred\.m2\repository\commons-validator\commons-validator\1.6\commons-validator-1.6.jar;C:\Users\Joseph Alfred\.m2\repository\org\apache\commons\commons-math3\3.3\commons-math3-3.3.jar;C:\Users\Joseph Alfred\.m2\repository\org\jsoup\jsoup\1.11.3\jsoup-1.11.3.jar;C:\Users\Joseph Alfred\.m2\repository\net\sourceforge\findbugs\annotations\1.3.2\annotations-1.3.2.jar;C:\Users\Joseph Alfred\.m2\repository\org\freemarker\freemarker\2.3.23\freemarker-2.3.23.jar;C:\Users\Joseph Alfred\.m2\repository\org\logback-extensions\logback-ext-spring\0.1.5\logback-ext-spring-0.1.5.jar;C:\Users\Joseph Alfred\.m2\repository\com\workfusion\spa\bot\bot-execution-api-dto\10.2.7.20\bot-execution-api-dto-10.2.7.20.jar;C:\Users\Joseph Alfred\.m2\repository\io\swagger\swagger-annotations\1.5.14\swagger-annotations-1.5.14.jar;C:\Users\Joseph Alfred\.m2\repository\com\workfusion\spa\bot\bot-execution-api-common\10.2.7.20\bot-execution-api-common-10.2.7.20.jar;C:\Users\Joseph Alfred\.m2\repository\com\workfusion\spa\bot\bot-execution-api-internal\10.2.7.20\bot-execution-api-internal-10.2.7.20.jar;C:\Users\Joseph Alfred\.m2\repository\com\cybozu\labs\langdetect\1.1-20120112\langdetect-1.1-20120112.jar;C:\Users\Joseph Alfred\.m2\repository\net\arnx\jsonic\1.2.7\jsonic-1.2.7.jar;C:\Users\Joseph Alfred\.m2\repository\com\wcohen\second-string\20120620\second-string-20120620.jar;C:\Users\Joseph Alfred\.m2\repository\com\workfusion\spa\bot\bot-execution-api-provided\10.2.7.20\bot-execution-api-provided-10.2.7.20.jar;C:\Users\Joseph Alfred\.m2\repository\org\apache\httpcomponents\httpmime\4.5.5\httpmime-4.5.5.jar;C:\Users\Joseph Alfred\.m2\repository\org\apache\poi\poi\3.17\poi-3.17.jar;C:\Users\Joseph Alfred\.m2\repository\org\apache\commons\commons-collections4\4.1\commons-collections4-4.1.jar;C:\Users\Joseph Alfred\.m2\repository\org\apache\poi\poi-ooxml\3.17\poi-ooxml-3.17.jar;C:\Users\Joseph Alfred\.m2\repository\org\apache\poi\poi-ooxml-schemas\3.17\poi-ooxml-schemas-3.17.jar;C:\Users\Joseph Alfred\.m2\repository\org\apache\xmlbeans\xmlbeans\2.6.0\xmlbeans-2.6.0.jar;C:\Users\Joseph Alfred\.m2\repository\com\github\virtuald\curvesapi\1.04\curvesapi-1.04.jar;C:\Users\Joseph Alfred\.m2\repository\org\apache\poi\poi-scratchpad\3.17\poi-scratchpad-3.17.jar;C:\Users\Joseph Alfred\.m2\repository\com\codeborne\phantomjsdriver\1.4.0\phantomjsdriver-1.4.0.jar;C:\Users\Joseph Alfred\.m2\repository\org\apache\opennlp\opennlp-tools\1.6.0\opennlp-tools-1.6.0.jar;C:\Users\Joseph Alfred\.m2\repository\net\sf\opencsv\opencsv\2.0\opencsv-2.0.jar;C:\Users\Joseph Alfred\.m2\repository\com\hazelcast\hazelcast\5.1.1\hazelcast-5.1.1.jar;C:\Users\Joseph Alfred\.m2\repository\javax\validation\validation-api\2.0.1.Final\validation-api-2.0.1.Final.jar;C:\Users\Joseph Alfred\.m2\repository\com\zaxxer\HikariCP\3.2.0\HikariCP-3.2.0.jar;C:\Users\Joseph Alfred\.m2\repository\commons-pool\commons-pool\1.6\commons-pool-1.6.jar;C:\Users\Joseph Alfred\.m2\repository\com\hazelcast\hazelcast-spring\5.1.1\hazelcast-spring-5.1.1.jar;C:\Users\Joseph Alfred\.m2\repository\com\hazelcast\hazelcast-zookeeper\4.0.2\hazelcast-zookeeper-4.0.2.jar;C:\Users\Joseph Alfred\.m2\repository\nl\garvelink\oss\iban\1.3.0\iban-1.3.0.jar;C:\Users\Joseph Alfred\.m2\repository\org\iban4j\iban4j\3.1.0\iban4j-3.1.0.jar;C:\Users\Joseph Alfred\.m2\repository\org\reflections\reflections-maven\0.9.8\reflections-maven-0.9.8.jar;C:\Users\Joseph Alfred\.m2\repository\org\reflections\reflections\0.9.8\reflections-0.9.8.jar;C:\Users\Joseph Alfred\.m2\repository\dom4j\dom4j\1.6.1\dom4j-1.6.1.jar;C:\Users\Joseph Alfred\.m2\repository\org\jfrog\maven\annomojo\maven-plugin-anno\1.4.1\maven-plugin-anno-1.4.1.jar;C:\Users\Joseph Alfred\.m2\repository\com\google\code\findbugs\jsr305\3.0.2\jsr305-3.0.2.jar;C:\Users\Joseph Alfred\.m2\repository\wss4j\wss4j\1.5.1\wss4j-1.5.1.jar;C:\Users\Joseph Alfred\.m2\repository\org\mvel\mvel2\2.1.3.Final\mvel2-2.1.3.Final.jar;C:\Users\Joseph Alfred\.m2\repository\javax\cache\cache-api\1.0.0\cache-api-1.0.0.jar;C:\Users\Joseph Alfred\.m2\repository\com\workfusion\webharvest\workfusion-webharvest-core\1.6.123\workfusion-webharvest-core-1.6.123.jar;C:\Users\Joseph Alfred\.m2\repository\net\sourceforge\htmlcleaner\htmlcleaner\2.24\htmlcleaner-2.24.jar;C:\Users\Joseph Alfred\.m2\repository\org\jdom\jdom2\2.0.5\jdom2-2.0.5.jar;C:\Users\Joseph Alfred\.m2\repository\commons-lang\commons-lang\2.6\commons-lang-2.6.jar;C:\Users\Joseph Alfred\.m2\repository\commons-httpclient\commons-httpclient\3.1-jenkins-3\commons-httpclient-3.1-jenkins-3.jar;C:\Users\Joseph Alfred\.m2\repository\org\apache\commons\commons-email\1.5\commons-email-1.5.jar;C:\Users\Joseph Alfred\.m2\repository\com\sun\mail\javax.mail\1.5.6\javax.mail-1.5.6.jar;C:\Users\Joseph Alfred\.m2\repository\javax\activation\activation\1.1\activation-1.1.jar;C:\Users\Joseph Alfred\.m2\repository\commons-net\commons-net\3.6\commons-net-3.6.jar;C:\Users\Joseph Alfred\.m2\repository\net\sourceforge\saxon\saxon\9.1.0.8\saxon-9.1.0.8.jar;C:\Users\Joseph Alfred\.m2\repository\net\sourceforge\saxon\saxon\9.1.0.8\saxon-9.1.0.8-dom.jar;C:\Users\Joseph Alfred\.m2\repository\org\beanshell\bsh\2.0b5\bsh-2.0b5.jar;C:\Users\Joseph Alfred\.m2\repository\org\mozilla\rhino\1.7.7.1\rhino-1.7.7.1.jar;C:\Users\Joseph Alfred\.m2\repository\ca\juliusdavies\not-yet-commons-ssl\0.3.17\not-yet-commons-ssl-0.3.17.jar;C:\Users\Joseph Alfred\.m2\repository\com\workfusion\secretmanagement\workfusion-secret-management\10.2.100.1\workfusion-secret-management-10.2.100.1.jar;C:\Users\Joseph Alfred\.m2\repository\com\workfusion\util\health-check-common\1.0.120\health-check-common-1.0.120.jar;C:\Users\Joseph Alfred\.m2\repository\org\springframework\vault\spring-vault-core\1.1.1.RELEASE\spring-vault-core-1.1.1.RELEASE.jar;C:\Users\Joseph Alfred\.m2\repository\org\skyscreamer\jsonassert\1.4.0\jsonassert-1.4.0.jar;C:\Users\Joseph Alfred\.m2\repository\com\vaadin\external\google\android-json\0.0.20131108.vaadin1\android-json-0.0.20131108.vaadin1.jar;C:\Users\Joseph Alfred\.m2\repository\com\google\code\gson\gson\2.8.9\gson-2.8.9.jar;C:\Users\Joseph Alfred\.m2\repository\net\minidev\json-smart\2.3.1\json-smart-2.3.1.jar;C:\Users\Joseph Alfred\.m2\repository\net\minidev\accessors-smart\2.3.1\accessors-smart-2.3.1.jar;C:\Users\Joseph Alfred\.m2\repository\net\java\dev\jna\jna-platform\5.12.1\jna-platform-5.12.1.jar;C:\Users\Joseph Alfred\.m2\repository\net\java\dev\jna\jna\5.12.1\jna-5.12.1.jar;C:\Users\Joseph Alfred\.m2\repository\org\apache\maven\maven-core\3.6.1\maven-core-3.6.1.jar;C:\Users\Joseph Alfred\.m2\repository\org\apache\maven\maven-model\3.6.1\maven-model-3.6.1.jar;C:\Users\Joseph Alfred\.m2\repository\org\apache\maven\maven-settings\3.6.1\maven-settings-3.6.1.jar;C:\Users\Joseph Alfred\.m2\repository\org\apache\maven\maven-settings-builder\3.6.1\maven-settings-builder-3.6.1.jar;C:\Users\Joseph Alfred\.m2\repository\org\codehaus\plexus\plexus-interpolation\1.25\plexus-interpolation-1.25.jar;C:\Users\Joseph Alfred\.m2\repository\org\sonatype\plexus\plexus-sec-dispatcher\1.4\plexus-sec-dispatcher-1.4.jar;C:\Users\Joseph Alfred\.m2\repository\org\sonatype\plexus\plexus-cipher\1.4\plexus-cipher-1.4.jar;C:\Users\Joseph Alfred\.m2\repository\org\apache\maven\maven-builder-support\3.6.1\maven-builder-support-3.6.1.jar;C:\Users\Joseph Alfred\.m2\repository\org\apache\maven\maven-repository-metadata\3.6.1\maven-repository-metadata-3.6.1.jar;C:\Users\Joseph Alfred\.m2\repository\org\apache\maven\maven-artifact\3.6.1\maven-artifact-3.6.1.jar;C:\Users\Joseph Alfred\.m2\repository\org\apache\maven\maven-plugin-api\3.6.1\maven-plugin-api-3.6.1.jar;C:\Users\Joseph Alfred\.m2\repository\org\apache\maven\maven-model-builder\3.6.1\maven-model-builder-3.6.1.jar;C:\Users\Joseph Alfred\.m2\repository\org\apache\maven\maven-resolver-provider\3.6.1\maven-resolver-provider-3.6.1.jar;C:\Users\Joseph Alfred\.m2\repository\org\apache\maven\resolver\maven-resolver-impl\1.3.3\maven-resolver-impl-1.3.3.jar;C:\Users\Joseph Alfred\.m2\repository\org\apache\maven\resolver\maven-resolver-api\1.3.3\maven-resolver-api-1.3.3.jar;C:\Users\Joseph Alfred\.m2\repository\org\apache\maven\resolver\maven-resolver-spi\1.3.3\maven-resolver-spi-1.3.3.jar;C:\Users\Joseph Alfred\.m2\repository\org\apache\maven\resolver\maven-resolver-util\1.3.3\maven-resolver-util-1.3.3.jar;C:\Users\Joseph Alfred\.m2\repository\org\apache\maven\shared\maven-shared-utils\3.2.1\maven-shared-utils-3.2.1.jar;C:\Users\Joseph Alfred\.m2\repository\org\eclipse\sisu\org.eclipse.sisu.plexus\0.3.3\org.eclipse.sisu.plexus-0.3.3.jar;C:\Users\Joseph Alfred\.m2\repository\javax\enterprise\cdi-api\1.0\cdi-api-1.0.jar;C:\Users\Joseph Alfred\.m2\repository\javax\annotation\jsr250-api\1.0\jsr250-api-1.0.jar;C:\Users\Joseph Alfred\.m2\repository\org\eclipse\sisu\org.eclipse.sisu.inject\0.3.3\org.eclipse.sisu.inject-0.3.3.jar;C:\Users\Joseph Alfred\.m2\repository\com\google\inject\guice\4.2.1\guice-4.2.1-no_aop.jar;C:\Users\Joseph Alfred\.m2\repository\aopalliance\aopalliance\1.0\aopalliance-1.0.jar;C:\Users\Joseph Alfred\.m2\repository\org\codehaus\plexus\plexus-utils\3.2.0\plexus-utils-3.2.0.jar;C:\Users\Joseph Alfred\.m2\repository\org\codehaus\plexus\plexus-classworlds\2.6.0\plexus-classworlds-2.6.0.jar;C:\Users\Joseph Alfred\.m2\repository\org\codehaus\plexus\plexus-component-annotations\1.7.1\plexus-component-annotations-1.7.1.jar;C:\Users\Joseph Alfred\.m2\repository\org\jboss\forge\furnace\furnace-manager-resolver-maven\2.28.4.Final\furnace-manager-resolver-maven-2.28.4.Final.jar;C:\Users\Joseph Alfred\.m2\repository\org\jboss\forge\furnace\furnace-manager-spi\2.28.4.Final\furnace-manager-spi-2.28.4.Final.jar;C:\Users\Joseph Alfred\.m2\repository\org\apache\maven\resolver\maven-resolver-connector-basic\1.1.1\maven-resolver-connector-basic-1.1.1.jar;C:\Users\Joseph Alfred\.m2\repository\org\apache\maven\resolver\maven-resolver-transport-wagon\1.1.1\maven-resolver-transport-wagon-1.1.1.jar;C:\Users\Joseph Alfred\.m2\repository\org\apache\maven\wagon\wagon-provider-api\3.0.0\wagon-provider-api-3.0.0.jar;C:\Users\Joseph Alfred\.m2\repository\org\apache\maven\wagon\wagon-http-lightweight\2.12\wagon-http-lightweight-2.12.jar;C:\Users\Joseph Alfred\.m2\repository\org\apache\maven\wagon\wagon-http-shared\2.12\wagon-http-shared-2.12.jar;C:\Users\Joseph Alfred\.m2\repository\org\apache\maven\wagon\wagon-file\2.12\wagon-file-2.12.jar;C:\Users\Joseph Alfred\.m2\repository\ch\qos\logback\logback-classic\1.2.3\logback-classic-1.2.3.jar;C:\Users\Joseph Alfred\.m2\repository\ch\qos\logback\logback-core\1.2.3\logback-core-1.2.3.jar;C:\Users\Joseph Alfred\.m2\repository\org\mockito\mockito-junit-jupiter\3.1.0\mockito-junit-jupiter-3.1.0.jar;C:\Users\Joseph Alfred\.m2\repository\org\mockito\mockito-core\3.1.0\mockito-core-3.1.0.jar;C:\Users\Joseph Alfred\.m2\repository\net\bytebuddy\byte-buddy-agent\1.9.10\byte-buddy-agent-1.9.10.jar;C:\Users\Joseph Alfred\.m2\repository\org\objenesis\objenesis\2.6\objenesis-2.6.jar;C:\Users\Joseph Alfred\.m2\repository\org\assertj\assertj-core\3.14.0\assertj-core-3.14.0.jar;C:\Users\Joseph Alfred\.m2\repository\com\workfusion\spa\bot\bot-execution-api\10.2.7.20\bot-execution-api-10.2.7.20.jar;C:\Users\Joseph Alfred\.m2\repository\com\workfusion\bot-task-api\0.0.4\bot-task-api-0.0.4.jar;C:\Users\Joseph Alfred\.m2\repository\com\workfusion\recorder-custom-script-action\0.0.3\recorder-custom-script-action-0.0.3.jar;C:\Users\Joseph Alfred\.m2\repository\com\workfusion\rpa-api\10.2.7.18\rpa-api-10.2.7.18.jar;C:\Users\Joseph Alfred\.m2\repository\com\workfusion\spa\bot\bot-execution-rpa-api-common\10.2.7.20\bot-execution-rpa-api-common-10.2.7.20.jar;C:\Users\Joseph Alfred\.m2\repository\com\workfusion\rpa-selenium-api\10.1.0.20\rpa-selenium-api-10.1.0.20.jar;C:\Users\Joseph Alfred\.m2\repository\com\workfusion\rpa-selenium-chrome-driver\10.1.0.20\rpa-selenium-chrome-driver-10.1.0.20.jar;C:\Users\Joseph Alfred\.m2\repository\com\workfusion\rpa-selenium-edge-driver\10.1.0.20\rpa-selenium-edge-driver-10.1.0.20.jar;C:\Users\Joseph Alfred\.m2\repository\com\workfusion\rpa-selenium-firefox-driver\10.1.0.20\rpa-selenium-firefox-driver-10.1.0.20.jar;C:\Users\Joseph Alfred\.m2\repository\com\workfusion\rpa-selenium-ie-driver\10.1.0.20\rpa-selenium-ie-driver-10.1.0.20.jar;C:\Users\Joseph Alfred\.m2\repository\com\workfusion\rpa-selenium-safari-driver\10.1.0.20\rpa-selenium-safari-driver-10.1.0.20.jar;C:\Users\Joseph Alfred\.m2\repository\com\workfusion\rpa-selenium-opera-driver\10.1.0.20\rpa-selenium-opera-driver-10.1.0.20.jar;C:\Users\Joseph Alfred\.m2\repository\com\workfusion\rpa-selenium-remote-driver\10.1.0.20\rpa-selenium-remote-driver-10.1.0.20.jar;C:\Users\Joseph Alfred\.m2\repository\com\workfusion\rpa-selenium-java\10.1.0.20\rpa-selenium-java-10.1.0.20.jar;C:\Users\Joseph Alfred\.m2\repository\com\workfusion\rpa-selenium-leg-rc\10.1.0.20\rpa-selenium-leg-rc-10.1.0.20.jar;C:\Users\Joseph Alfred\.m2\repository\com\workfusion\rpa-selenium-server\10.1.0.20\rpa-selenium-server-10.1.0.20.jar;C:\Users\Joseph Alfred\.m2\repository\com\workfusion\rpa-selenium-support\10.1.0.20\rpa-selenium-support-10.1.0.20.jar;C:\Users\Joseph Alfred\.m2\repository\org\codehaus\groovy\groovy\2.5.1\groovy-2.5.1.jar;C:\Users\Joseph Alfred\.m2\repository\org\codehaus\groovy\groovy-ant\2.5.1\groovy-ant-2.5.1.jar;C:\Users\Joseph Alfred\.m2\repository\org\codehaus\groovy\groovy-cli-commons\2.5.1\groovy-cli-commons-2.5.1.jar;C:\Users\Joseph Alfred\.m2\repository\org\codehaus\groovy\groovy-cli-picocli\2.5.1\groovy-cli-picocli-2.5.1.jar;C:\Users\Joseph Alfred\.m2\repository\org\codehaus\groovy\groovy-console\2.5.1\groovy-console-2.5.1.jar;C:\Users\Joseph Alfred\.m2\repository\org\codehaus\groovy\groovy-datetime\2.5.1\groovy-datetime-2.5.1.jar;C:\Users\Joseph Alfred\.m2\repository\org\codehaus\groovy\groovy-docgenerator\2.5.1\groovy-docgenerator-2.5.1.jar;C:\Users\Joseph Alfred\.m2\repository\org\codehaus\groovy\groovy-groovydoc\2.5.1\groovy-groovydoc-2.5.1.jar;C:\Users\Joseph Alfred\.m2\repository\org\codehaus\groovy\groovy-groovysh\2.5.1\groovy-groovysh-2.5.1.jar;C:\Users\Joseph Alfred\.m2\repository\org\codehaus\groovy\groovy-jmx\2.5.1\groovy-jmx-2.5.1.jar;C:\Users\Joseph Alfred\.m2\repository\org\codehaus\groovy\groovy-json\2.5.1\groovy-json-2.5.1.jar;C:\Users\Joseph Alfred\.m2\repository\org\codehaus\groovy\groovy-jsr223\2.5.1\groovy-jsr223-2.5.1.jar;C:\Users\Joseph Alfred\.m2\repository\org\codehaus\groovy\groovy-macro\2.5.1\groovy-macro-2.5.1.jar;C:\Users\Joseph Alfred\.m2\repository\org\codehaus\groovy\groovy-nio\2.5.1\groovy-nio-2.5.1.jar;C:\Users\Joseph Alfred\.m2\repository\org\codehaus\groovy\groovy-servlet\2.5.1\groovy-servlet-2.5.1.jar;C:\Users\Joseph Alfred\.m2\repository\org\codehaus\groovy\groovy-sql\2.5.1\groovy-sql-2.5.1.jar;C:\Users\Joseph Alfred\.m2\repository\org\codehaus\groovy\groovy-swing\2.5.1\groovy-swing-2.5.1.jar;C:\Users\Joseph Alfred\.m2\repository\org\codehaus\groovy\groovy-templates\2.5.1\groovy-templates-2.5.1.jar;C:\Users\Joseph Alfred\.m2\repository\org\codehaus\groovy\groovy-test\2.5.1\groovy-test-2.5.1.jar;C:\Users\Joseph Alfred\.m2\repository\org\codehaus\groovy\groovy-test-junit5\2.5.1\groovy-test-junit5-2.5.1.jar;C:\Users\Joseph Alfred\.m2\repository\org\codehaus\groovy\groovy-testng\2.5.1\groovy-testng-2.5.1.jar;C:\Users\Joseph Alfred\.m2\repository\org\codehaus\groovy\groovy-xml\2.5.1\groovy-xml-2.5.1.jar;C:\Users\Joseph Alfred\.m2\repository\org\codehaus\groovy\groovy-dateutil\2.5.1\groovy-dateutil-2.5.1.jar;C:\Users\Joseph Alfred\.m2\repository\org\slf4j\slf4j-api\1.7.35\slf4j-api-1.7.35.jar;"/>
    <property name="java.vm.vendor" value="Azul Systems, Inc."/>
    <property name="sun.arch.data.model" value="64"/>
    <property name="user.variant" value=""/>
    <property name="java.vendor.url" value="http://www.azul.com/"/>
    <property name="user.timezone" value="Asia/Calcutta"/>
    <property name="java.vm.specification.version" value="1.8"/>
    <property name="os.name" value="Windows 11"/>
    <property name="user.country" value="IN"/>
    <property name="sun.java.launcher" value="SUN_STANDARD"/>
    <property name="sun.boot.library.path" value="D:\IntelligentAutomationCloudDeveloper\RPA\java\jre\bin"/>
    <property name="sun.java.command" value="C:\Users\JOSEPH~1\AppData\Local\Temp\surefire7301572752935262819\surefirebooter1218585442843723966.jar C:\Users\Joseph Alfred\AppData\Local\Temp\surefire7301572752935262819 2023-06-05T20-39-33_874-jvmRun1 surefire3621131753349441470tmp surefire_07960560633172652305tmp"/>
    <property name="surefire.test.class.path" value="C:\Users\Joseph Alfred\workfusion-workspace\project1\project1-bcb\target\test-classes;C:\Users\Joseph Alfred\workfusion-workspace\project1\project1-bcb\target\classes;C:\Users\Joseph Alfred\.m2\repository\com\workfusion\odf2\odf2-core\10.2.7.18\odf2-core-10.2.7.18.jar;C:\Users\Joseph Alfred\.m2\repository\com\workfusion\odf2\odf2-compiler\10.2.7.18\odf2-compiler-10.2.7.18.jar;C:\Users\Joseph Alfred\.m2\repository\com\workfusion\odf2\odf2-cdi\10.2.7.18\odf2-cdi-10.2.7.18.jar;C:\Users\Joseph Alfred\.m2\repository\javax\inject\javax.inject\1\javax.inject-1.jar;C:\Users\Joseph Alfred\.m2\repository\com\j256\ormlite\ormlite-jdbc\5.7\ormlite-jdbc-5.7.jar;C:\Users\Joseph Alfred\.m2\repository\com\j256\ormlite\ormlite-core\5.7\ormlite-core-5.7.jar;C:\Users\Joseph Alfred\.m2\repository\commons-io\commons-io\2.11.0\commons-io-2.11.0.jar;C:\Users\Joseph Alfred\.m2\repository\com\workfusion\odf\ocr-client\10.2.7.1\ocr-client-10.2.7.1.jar;C:\Users\Joseph Alfred\.m2\repository\org\springframework\spring-web\5.1.19.RELEASE\spring-web-5.1.19.RELEASE.jar;C:\Users\Joseph Alfred\.m2\repository\org\apache\httpcomponents\httpclient\4.5.13\httpclient-4.5.13.jar;C:\Users\Joseph Alfred\.m2\repository\org\apache\httpcomponents\httpcore\4.4.13\httpcore-4.4.13.jar;C:\Users\Joseph Alfred\.m2\repository\com\google\guava\guava\31.1-jre\guava-31.1-jre.jar;C:\Users\Joseph Alfred\.m2\repository\com\google\guava\failureaccess\1.0.1\failureaccess-1.0.1.jar;C:\Users\Joseph Alfred\.m2\repository\com\google\guava\listenablefuture\9999.0-empty-to-avoid-conflict-with-guava\listenablefuture-9999.0-empty-to-avoid-conflict-with-guava.jar;C:\Users\Joseph Alfred\.m2\repository\org\checkerframework\checker-qual\3.12.0\checker-qual-3.12.0.jar;C:\Users\Joseph Alfred\.m2\repository\com\google\errorprone\error_prone_annotations\2.11.0\error_prone_annotations-2.11.0.jar;C:\Users\Joseph Alfred\.m2\repository\com\google\j2objc\j2objc-annotations\1.3\j2objc-annotations-1.3.jar;C:\Users\Joseph Alfred\.m2\repository\com\workfusion\util\jwt\1.0.118\jwt-1.0.118.jar;C:\Users\Joseph Alfred\.m2\repository\com\nimbusds\nimbus-jose-jwt\5.1\nimbus-jose-jwt-5.1.jar;C:\Users\Joseph Alfred\.m2\repository\com\github\stephenc\jcip\jcip-annotations\1.0-1\jcip-annotations-1.0-1.jar;C:\Users\Joseph Alfred\.m2\repository\commons-codec\commons-codec\1.11\commons-codec-1.11.jar;C:\Users\Joseph Alfred\.m2\repository\com\auth0\java-jwt\3.7.0\java-jwt-3.7.0.jar;C:\Users\Joseph Alfred\.m2\repository\joda-time\joda-time\2.9.4\joda-time-2.9.4.jar;C:\Users\Joseph Alfred\.m2\repository\org\json\json\20211205\json-20211205.jar;C:\Users\Joseph Alfred\.m2\repository\com\jayway\jsonpath\json-path\2.6.0\json-path-2.6.0.jar;C:\Users\Joseph Alfred\.m2\repository\com\amazonaws\aws-java-sdk-s3\1.12.261\aws-java-sdk-s3-1.12.261.jar;C:\Users\Joseph Alfred\.m2\repository\com\amazonaws\aws-java-sdk-kms\1.12.261\aws-java-sdk-kms-1.12.261.jar;C:\Users\Joseph Alfred\.m2\repository\com\amazonaws\aws-java-sdk-core\1.12.261\aws-java-sdk-core-1.12.261.jar;C:\Users\Joseph Alfred\.m2\repository\software\amazon\ion\ion-java\1.0.2\ion-java-1.0.2.jar;C:\Users\Joseph Alfred\.m2\repository\com\fasterxml\jackson\dataformat\jackson-dataformat-cbor\2.13.1\jackson-dataformat-cbor-2.13.1.jar;C:\Users\Joseph Alfred\.m2\repository\com\amazonaws\jmespath-java\1.12.261\jmespath-java-1.12.261.jar;C:\Users\Joseph Alfred\.m2\repository\org\apache\commons\commons-lang3\3.12.0\commons-lang3-3.12.0.jar;C:\Users\Joseph Alfred\.m2\repository\commons-beanutils\commons-beanutils\1.9.4\commons-beanutils-1.9.4.jar;C:\Users\Joseph Alfred\.m2\repository\commons-logging\commons-logging\1.2\commons-logging-1.2.jar;C:\Users\Joseph Alfred\.m2\repository\commons-collections\commons-collections\3.2.2\commons-collections-3.2.2.jar;C:\Users\Joseph Alfred\.m2\repository\com\workfusion\odf\bot-task-junit\0.1.1\bot-task-junit-0.1.1.jar;C:\Users\Joseph Alfred\.m2\repository\com\workfusion\studio\local-execution-api\1.0.6\local-execution-api-1.0.6.jar;C:\Users\Joseph Alfred\.m2\repository\com\workfusion\odf\tools-csv\1.1\tools-csv-1.1.jar;C:\Users\Joseph Alfred\.m2\repository\org\apache\commons\commons-csv\1.7\commons-csv-1.7.jar;C:\Users\Joseph Alfred\.m2\repository\org\springframework\spring-context\5.1.19.RELEASE\spring-context-5.1.19.RELEASE.jar;C:\Users\Joseph Alfred\.m2\repository\org\springframework\spring-aop\5.1.19.RELEASE\spring-aop-5.1.19.RELEASE.jar;C:\Users\Joseph Alfred\.m2\repository\org\springframework\spring-beans\5.1.19.RELEASE\spring-beans-5.1.19.RELEASE.jar;C:\Users\Joseph Alfred\.m2\repository\org\springframework\spring-core\5.1.19.RELEASE\spring-core-5.1.19.RELEASE.jar;C:\Users\Joseph Alfred\.m2\repository\org\springframework\spring-jcl\5.1.19.RELEASE\spring-jcl-5.1.19.RELEASE.jar;C:\Users\Joseph Alfred\.m2\repository\org\springframework\spring-expression\5.1.19.RELEASE\spring-expression-5.1.19.RELEASE.jar;C:\Users\Joseph Alfred\.m2\repository\org\springframework\spring-jdbc\5.1.19.RELEASE\spring-jdbc-5.1.19.RELEASE.jar;C:\Users\Joseph Alfred\.m2\repository\org\springframework\spring-tx\5.1.19.RELEASE\spring-tx-5.1.19.RELEASE.jar;C:\Users\Joseph Alfred\.m2\repository\org\springframework\spring-test\5.1.19.RELEASE\spring-test-5.1.19.RELEASE.jar;C:\Users\Joseph Alfred\.m2\repository\org\mock-server\mockserver-netty-no-dependencies\5.14.0\mockserver-netty-no-dependencies-5.14.0.jar;C:\Users\Joseph Alfred\.m2\repository\org\apache\commons\commons-text\1.10.0\commons-text-1.10.0.jar;C:\Users\Joseph Alfred\.m2\repository\commons-fileupload\commons-fileupload\1.4\commons-fileupload-1.4.jar;C:\Users\Joseph Alfred\.m2\repository\org\junit\jupiter\junit-jupiter-api\5.5.2\junit-jupiter-api-5.5.2.jar;C:\Users\Joseph Alfred\.m2\repository\org\apiguardian\apiguardian-api\1.1.0\apiguardian-api-1.1.0.jar;C:\Users\Joseph Alfred\.m2\repository\org\opentest4j\opentest4j\1.2.0\opentest4j-1.2.0.jar;C:\Users\Joseph Alfred\.m2\repository\org\junit\platform\junit-platform-commons\1.5.2\junit-platform-commons-1.5.2.jar;C:\Users\Joseph Alfred\.m2\repository\org\junit\jupiter\junit-jupiter-engine\5.5.2\junit-jupiter-engine-5.5.2.jar;C:\Users\Joseph Alfred\.m2\repository\org\junit\platform\junit-platform-engine\1.5.2\junit-platform-engine-1.5.2.jar;C:\Users\Joseph Alfred\.m2\repository\io\findify\s3mock_2.13\0.2.6\s3mock_2.13-0.2.6.jar;C:\Users\Joseph Alfred\.m2\repository\org\scala-lang\scala-library\2.13.2\scala-library-2.13.2.jar;C:\Users\Joseph Alfred\.m2\repository\com\typesafe\akka\akka-stream_2.13\2.5.31\akka-stream_2.13-2.5.31.jar;C:\Users\Joseph Alfred\.m2\repository\com\typesafe\akka\akka-actor_2.13\2.5.31\akka-actor_2.13-2.5.31.jar;C:\Users\Joseph Alfred\.m2\repository\com\typesafe\config\1.3.3\config-1.3.3.jar;C:\Users\Joseph Alfred\.m2\repository\org\scala-lang\modules\scala-java8-compat_2.13\0.9.0\scala-java8-compat_2.13-0.9.0.jar;C:\Users\Joseph Alfred\.m2\repository\com\typesafe\akka\akka-protobuf_2.13\2.5.31\akka-protobuf_2.13-2.5.31.jar;C:\Users\Joseph Alfred\.m2\repository\org\reactivestreams\reactive-streams\1.0.2\reactive-streams-1.0.2.jar;C:\Users\Joseph Alfred\.m2\repository\com\typesafe\ssl-config-core_2.13\0.3.8\ssl-config-core_2.13-0.3.8.jar;C:\Users\Joseph Alfred\.m2\repository\org\scala-lang\modules\scala-parser-combinators_2.13\1.1.2\scala-parser-combinators_2.13-1.1.2.jar;C:\Users\Joseph Alfred\.m2\repository\com\typesafe\akka\akka-http_2.13\10.1.12\akka-http_2.13-10.1.12.jar;C:\Users\Joseph Alfred\.m2\repository\com\typesafe\akka\akka-http-core_2.13\10.1.12\akka-http-core_2.13-10.1.12.jar;C:\Users\Joseph Alfred\.m2\repository\com\typesafe\akka\akka-parsing_2.13\10.1.12\akka-parsing_2.13-10.1.12.jar;C:\Users\Joseph Alfred\.m2\repository\org\scala-lang\modules\scala-xml_2.13\1.3.0\scala-xml_2.13-1.3.0.jar;C:\Users\Joseph Alfred\.m2\repository\org\scala-lang\modules\scala-collection-compat_2.13\2.1.6\scala-collection-compat_2.13-2.1.6.jar;C:\Users\Joseph Alfred\.m2\repository\com\github\pathikrit\better-files_2.13\3.9.1\better-files_2.13-3.9.1.jar;C:\Users\Joseph Alfred\.m2\repository\com\typesafe\scala-logging\scala-logging_2.13\3.9.2\scala-logging_2.13-3.9.2.jar;C:\Users\Joseph Alfred\.m2\repository\org\scala-lang\scala-reflect\2.13.0\scala-reflect-2.13.0.jar;C:\Users\Joseph Alfred\.m2\repository\org\iq80\leveldb\leveldb\0.12\leveldb-0.12.jar;C:\Users\Joseph Alfred\.m2\repository\org\iq80\leveldb\leveldb-api\0.12\leveldb-api-0.12.jar;C:\Users\Joseph Alfred\.m2\repository\javax\xml\bind\jaxb-api\2.3.1\jaxb-api-2.3.1.jar;C:\Users\Joseph Alfred\.m2\repository\javax\activation\javax.activation-api\1.2.0\javax.activation-api-1.2.0.jar;C:\Users\Joseph Alfred\.m2\repository\com\workfusion\odf2\odf2-junit\10.2.7.18\odf2-junit-10.2.7.18.jar;C:\Users\Joseph Alfred\.m2\repository\com\workfusion\studio\bot-execution-engine\10.2.7.21\bot-execution-engine-10.2.7.21.jar;C:\Users\Joseph Alfred\.m2\repository\com\workfusion\studio\bot-execution-broker\10.2.7.21\bot-execution-broker-10.2.7.21.jar;C:\Users\Joseph Alfred\.m2\repository\org\apache\qpid\qpid-broker-core\7.0.7\qpid-broker-core-7.0.7.jar;C:\Users\Joseph Alfred\.m2\repository\org\apache\bcel\bcel\5.2\bcel-5.2.jar;C:\Users\Joseph Alfred\.m2\repository\org\apache\qpid\qpid-broker-plugins-amqp-0-8-protocol\7.0.7\qpid-broker-plugins-amqp-0-8-protocol-7.0.7.jar;C:\Users\Joseph Alfred\.m2\repository\org\apache\qpid\qpid-broker-plugins-memory-store\7.0.7\qpid-broker-plugins-memory-store-7.0.7.jar;C:\Users\Joseph Alfred\.m2\repository\com\workfusion\studio\bot-execution-datastore\10.2.7.21\bot-execution-datastore-10.2.7.21.jar;C:\Users\Joseph Alfred\.m2\repository\com\h2database\h2\1.4.200\h2-1.4.200.jar;C:\Users\Joseph Alfred\.m2\repository\com\workfusion\studio\bot-execution-rest\10.2.7.21\bot-execution-rest-10.2.7.21.jar;C:\Users\Joseph Alfred\.m2\repository\com\workfusion\studio\bot-execution-client\10.2.7.21\bot-execution-client-10.2.7.21.jar;C:\Users\Joseph Alfred\.m2\repository\com\workfusion\spa\core\execution-client\10.2.100.4\execution-client-10.2.100.4.jar;C:\Users\Joseph Alfred\.m2\repository\com\workfusion\spa\core\execution-amqp\10.2.100.4\execution-amqp-10.2.100.4.jar;C:\Users\Joseph Alfred\.m2\repository\com\cedarsoftware\json-io\4.10.0\json-io-4.10.0.jar;C:\Users\Joseph Alfred\.m2\repository\com\workfusion\spa\core\execution-metrics\10.2.100.4\execution-metrics-10.2.100.4.jar;C:\Users\Joseph Alfred\.m2\repository\net\logstash\logback\logstash-logback-encoder\6.1\logstash-logback-encoder-6.1.jar;C:\Users\Joseph Alfred\.m2\repository\com\workfusion\spa\bot\task-execution-api\10.2.7.20\task-execution-api-10.2.7.20.jar;C:\Users\Joseph Alfred\.m2\repository\org\zeroturnaround\zt-zip\1.14\zt-zip-1.14.jar;C:\Users\Joseph Alfred\.m2\repository\com\fasterxml\jackson\core\jackson-databind\2.13.1\jackson-databind-2.13.1.jar;C:\Users\Joseph Alfred\.m2\repository\com\fasterxml\jackson\core\jackson-annotations\2.13.1\jackson-annotations-2.13.1.jar;C:\Users\Joseph Alfred\.m2\repository\com\fasterxml\jackson\core\jackson-core\2.13.1\jackson-core-2.13.1.jar;C:\Users\Joseph Alfred\.m2\repository\com\workfusion\spa\ct\worker-app\10.2.7.22\worker-app-10.2.7.22-thin.jar;C:\Users\Joseph Alfred\.m2\repository\com\workfusion\spa\core\execution-worker\10.2.100.4\execution-worker-10.2.100.4.jar;C:\Users\Joseph Alfred\.m2\repository\com\workfusion\spa\core\execution-api\10.2.100.4\execution-api-10.2.100.4.jar;C:\Users\Joseph Alfred\.m2\repository\com\workfusion\spa\core\execution-constraints\10.2.100.4\execution-constraints-10.2.100.4.jar;C:\Users\Joseph Alfred\.m2\repository\org\apache\zookeeper\zookeeper\3.8.0\zookeeper-3.8.0.jar;C:\Users\Joseph Alfred\.m2\repository\org\apache\zookeeper\zookeeper-jute\3.8.0\zookeeper-jute-3.8.0.jar;C:\Users\Joseph Alfred\.m2\repository\org\apache\yetus\audience-annotations\0.12.0\audience-annotations-0.12.0.jar;C:\Users\Joseph Alfred\.m2\repository\io\netty\netty-handler\4.1.73.Final\netty-handler-4.1.73.Final.jar;C:\Users\Joseph Alfred\.m2\repository\io\netty\netty-common\4.1.73.Final\netty-common-4.1.73.Final.jar;C:\Users\Joseph Alfred\.m2\repository\io\netty\netty-resolver\4.1.73.Final\netty-resolver-4.1.73.Final.jar;C:\Users\Joseph Alfred\.m2\repository\io\netty\netty-buffer\4.1.73.Final\netty-buffer-4.1.73.Final.jar;C:\Users\Joseph Alfred\.m2\repository\io\netty\netty-transport\4.1.73.Final\netty-transport-4.1.73.Final.jar;C:\Users\Joseph Alfred\.m2\repository\io\netty\netty-codec\4.1.73.Final\netty-codec-4.1.73.Final.jar;C:\Users\Joseph Alfred\.m2\repository\io\netty\netty-tcnative\2.0.48.Final\netty-tcnative-2.0.48.Final.jar;C:\Users\Joseph Alfred\.m2\repository\io\netty\netty-tcnative-classes\2.0.48.Final\netty-tcnative-classes-2.0.48.Final.jar;C:\Users\Joseph Alfred\.m2\repository\io\netty\netty-transport-native-epoll\4.1.73.Final\netty-transport-native-epoll-4.1.73.Final.jar;C:\Users\Joseph Alfred\.m2\repository\io\netty\netty-transport-native-unix-common\4.1.73.Final\netty-transport-native-unix-common-4.1.73.Final.jar;C:\Users\Joseph Alfred\.m2\repository\io\netty\netty-transport-classes-epoll\4.1.73.Final\netty-transport-classes-epoll-4.1.73.Final.jar;C:\Users\Joseph Alfred\.m2\repository\org\apache\curator\curator-recipes\5.2.1\curator-recipes-5.2.1.jar;C:\Users\Joseph Alfred\.m2\repository\org\apache\curator\curator-framework\5.2.1\curator-framework-5.2.1.jar;C:\Users\Joseph Alfred\.m2\repository\org\apache\curator\curator-client\5.2.1\curator-client-5.2.1.jar;C:\Users\Joseph Alfred\.m2\repository\com\github\oshi\oshi-core\6.2.1\oshi-core-6.2.1.jar;C:\Users\Joseph Alfred\.m2\repository\com\workfusion\spa\java\native\worker\java-native-worker-api\1.0.0.7\java-native-worker-api-1.0.0.7.jar;C:\Users\Joseph Alfred\.m2\repository\org\springframework\boot\spring-boot-starter-web\2.1.18.RELEASE\spring-boot-starter-web-2.1.18.RELEASE.jar;C:\Users\Joseph Alfred\.m2\repository\org\springframework\boot\spring-boot-starter\2.1.18.RELEASE\spring-boot-starter-2.1.18.RELEASE.jar;C:\Users\Joseph Alfred\.m2\repository\org\springframework\boot\spring-boot\2.1.18.RELEASE\spring-boot-2.1.18.RELEASE.jar;C:\Users\Joseph Alfred\.m2\repository\org\springframework\boot\spring-boot-autoconfigure\2.1.18.RELEASE\spring-boot-autoconfigure-2.1.18.RELEASE.jar;C:\Users\Joseph Alfred\.m2\repository\org\springframework\boot\spring-boot-starter-logging\2.1.18.RELEASE\spring-boot-starter-logging-2.1.18.RELEASE.jar;C:\Users\Joseph Alfred\.m2\repository\org\slf4j\jul-to-slf4j\1.7.30\jul-to-slf4j-1.7.30.jar;C:\Users\Joseph Alfred\.m2\repository\javax\annotation\javax.annotation-api\1.3.2\javax.annotation-api-1.3.2.jar;C:\Users\Joseph Alfred\.m2\repository\org\yaml\snakeyaml\1.23\snakeyaml-1.23.jar;C:\Users\Joseph Alfred\.m2\repository\org\springframework\boot\spring-boot-starter-json\2.1.18.RELEASE\spring-boot-starter-json-2.1.18.RELEASE.jar;C:\Users\Joseph Alfred\.m2\repository\com\fasterxml\jackson\datatype\jackson-datatype-jdk8\2.13.1\jackson-datatype-jdk8-2.13.1.jar;C:\Users\Joseph Alfred\.m2\repository\com\fasterxml\jackson\datatype\jackson-datatype-jsr310\2.13.1\jackson-datatype-jsr310-2.13.1.jar;C:\Users\Joseph Alfred\.m2\repository\com\fasterxml\jackson\module\jackson-module-parameter-names\2.13.1\jackson-module-parameter-names-2.13.1.jar;C:\Users\Joseph Alfred\.m2\repository\org\springframework\boot\spring-boot-starter-tomcat\2.1.18.RELEASE\spring-boot-starter-tomcat-2.1.18.RELEASE.jar;C:\Users\Joseph Alfred\.m2\repository\org\apache\tomcat\embed\tomcat-embed-core\9.0.39\tomcat-embed-core-9.0.39.jar;C:\Users\Joseph Alfred\.m2\repository\org\apache\tomcat\embed\tomcat-embed-el\9.0.39\tomcat-embed-el-9.0.39.jar;C:\Users\Joseph Alfred\.m2\repository\org\apache\tomcat\embed\tomcat-embed-websocket\9.0.39\tomcat-embed-websocket-9.0.39.jar;C:\Users\Joseph Alfred\.m2\repository\org\springframework\spring-webmvc\5.1.19.RELEASE\spring-webmvc-5.1.19.RELEASE.jar;C:\Users\Joseph Alfred\.m2\repository\org\springframework\boot\spring-boot-starter-actuator\2.1.18.RELEASE\spring-boot-starter-actuator-2.1.18.RELEASE.jar;C:\Users\Joseph Alfred\.m2\repository\org\springframework\boot\spring-boot-actuator-autoconfigure\2.1.18.RELEASE\spring-boot-actuator-autoconfigure-2.1.18.RELEASE.jar;C:\Users\Joseph Alfred\.m2\repository\org\springframework\boot\spring-boot-actuator\2.1.18.RELEASE\spring-boot-actuator-2.1.18.RELEASE.jar;C:\Users\Joseph Alfred\.m2\repository\io\micrometer\micrometer-core\1.1.19\micrometer-core-1.1.19.jar;C:\Users\Joseph Alfred\.m2\repository\org\hdrhistogram\HdrHistogram\2.1.9\HdrHistogram-2.1.9.jar;C:\Users\Joseph Alfred\.m2\repository\org\latencyutils\LatencyUtils\2.0.3\LatencyUtils-2.0.3.jar;C:\Users\Joseph Alfred\.m2\repository\org\springframework\boot\spring-boot-starter-amqp\2.1.18.RELEASE\spring-boot-starter-amqp-2.1.18.RELEASE.jar;C:\Users\Joseph Alfred\.m2\repository\org\springframework\cloud\spring-cloud-starter-zookeeper-config\2.0.0.RELEASE\spring-cloud-starter-zookeeper-config-2.0.0.RELEASE.jar;C:\Users\Joseph Alfred\.m2\repository\org\springframework\cloud\spring-cloud-starter-zookeeper\2.0.0.RELEASE\spring-cloud-starter-zookeeper-2.0.0.RELEASE.jar;C:\Users\Joseph Alfred\.m2\repository\org\springframework\cloud\spring-cloud-commons\2.0.0.RELEASE\spring-cloud-commons-2.0.0.RELEASE.jar;C:\Users\Joseph Alfred\.m2\repository\org\springframework\cloud\spring-cloud-zookeeper-core\2.0.0.RELEASE\spring-cloud-zookeeper-core-2.0.0.RELEASE.jar;C:\Users\Joseph Alfred\.m2\repository\org\springframework\cloud\spring-cloud-zookeeper-config\2.0.0.RELEASE\spring-cloud-zookeeper-config-2.0.0.RELEASE.jar;C:\Users\Joseph Alfred\.m2\repository\org\springframework\cloud\spring-cloud-context\2.0.0.RELEASE\spring-cloud-context-2.0.0.RELEASE.jar;C:\Users\Joseph Alfred\.m2\repository\org\springframework\security\spring-security-crypto\5.0.6.RELEASE\spring-security-crypto-5.0.6.RELEASE.jar;C:\Users\Joseph Alfred\.m2\repository\com\workfusion\util\runtime-logger-configurer\1.0.130\runtime-logger-configurer-1.0.130.jar;C:\Users\Joseph Alfred\.m2\repository\org\apache\curator\curator-x-discovery\5.2.1\curator-x-discovery-5.2.1.jar;C:\Users\Joseph Alfred\.m2\repository\org\javassist\javassist\3.22.0-GA\javassist-3.22.0-GA.jar;C:\Users\Joseph Alfred\.m2\repository\com\squareup\okhttp3\okhttp\3.11.0\okhttp-3.11.0.jar;C:\Users\Joseph Alfred\.m2\repository\com\squareup\okio\okio\1.14.0\okio-1.14.0.jar;C:\Users\Joseph Alfred\.m2\repository\io\github\openfeign\feign-gson\10.0.1\feign-gson-10.0.1.jar;C:\Users\Joseph Alfred\.m2\repository\io\github\openfeign\feign-core\10.0.1\feign-core-10.0.1.jar;C:\Users\Joseph Alfred\.m2\repository\com\microsoft\sqlserver\mssql-jdbc\7.0.0.jre8\mssql-jdbc-7.0.0.jre8.jar;C:\Users\Joseph Alfred\.m2\repository\org\codehaus\woodstox\stax2-api\3.1.4\stax2-api-3.1.4.jar;C:\Users\Joseph Alfred\.m2\repository\co\elastic\apm\apm-agent-attach\1.33.0\apm-agent-attach-1.33.0.jar;C:\Users\Joseph Alfred\.m2\repository\co\elastic\apm\apm-agent-api\1.33.0\apm-agent-api-1.33.0.jar;C:\Users\Joseph Alfred\.m2\repository\org\springframework\amqp\spring-rabbit\2.0.14.RELEASE\spring-rabbit-2.0.14.RELEASE.jar;C:\Users\Joseph Alfred\.m2\repository\com\rabbitmq\amqp-client\5.1.2\amqp-client-5.1.2.jar;C:\Users\Joseph Alfred\.m2\repository\org\springframework\spring-messaging\5.0.15.RELEASE\spring-messaging-5.0.15.RELEASE.jar;C:\Users\Joseph Alfred\.m2\repository\org\springframework\amqp\spring-amqp\2.0.14.RELEASE\spring-amqp-2.0.14.RELEASE.jar;C:\Users\Joseph Alfred\.m2\repository\org\springframework\retry\spring-retry\1.2.4.RELEASE\spring-retry-1.2.4.RELEASE.jar;C:\Users\Joseph Alfred\.m2\repository\com\workfusion\spa\bot\bot-execution-core\10.2.7.20\bot-execution-core-10.2.7.20.jar;C:\Users\Joseph Alfred\.m2\repository\com\workfusion\spa\bot\automl-services-client-bot\10.2.7.20\automl-services-client-bot-10.2.7.20.jar;C:\Users\Joseph Alfred\.m2\repository\com\workfusion\spa\automl\automl-commons\1.1.133\automl-commons-1.1.133.jar;C:\Users\Joseph Alfred\.m2\repository\io\github\openfeign\feign-jackson\10.3.0\feign-jackson-10.3.0.jar;C:\Users\Joseph Alfred\.m2\repository\com\google\protobuf\protobuf-java\2.5.0\protobuf-java-2.5.0.jar;C:\Users\Joseph Alfred\.m2\repository\xpp3\xpp3\1.1.4c\xpp3-1.1.4c.jar;C:\Users\Joseph Alfred\.m2\repository\org\apache\commons\commons-digester3\3.2\commons-digester3-3.2.jar;C:\Users\Joseph Alfred\.m2\repository\cglib\cglib\2.2.2\cglib-2.2.2.jar;C:\Users\Joseph Alfred\.m2\repository\asm\asm\3.3.1\asm-3.3.1.jar;C:\Users\Joseph Alfred\.m2\repository\com\workfusion\recorder-playback\6.5.2\recorder-playback-6.5.2.jar;C:\Users\Joseph Alfred\.m2\repository\com\workfusion\mfw\recorder-flow-model\10.2.6.3\recorder-flow-model-10.2.6.3.jar;C:\Users\Joseph Alfred\.m2\repository\org\apache\tika\tika-parsers\1.14\tika-parsers-1.14.jar;C:\Users\Joseph Alfred\.m2\repository\org\apache\tika\tika-core\1.14\tika-core-1.14.jar;C:\Users\Joseph Alfred\.m2\repository\org\tallison\jmatio\1.2\jmatio-1.2.jar;C:\Users\Joseph Alfred\.m2\repository\org\apache\commons\commons-compress\1.12\commons-compress-1.12.jar;C:\Users\Joseph Alfred\.m2\repository\org\apache\pdfbox\pdfbox\2.0.3\pdfbox-2.0.3.jar;C:\Users\Joseph Alfred\.m2\repository\org\apache\pdfbox\fontbox\2.0.3\fontbox-2.0.3.jar;C:\Users\Joseph Alfred\.m2\repository\org\apache\pdfbox\pdfbox-tools\2.0.3\pdfbox-tools-2.0.3.jar;C:\Users\Joseph Alfred\.m2\repository\org\apache\pdfbox\pdfbox-debugger\2.0.3\pdfbox-debugger-2.0.3.jar;C:\Users\Joseph Alfred\.m2\repository\org\apache\pdfbox\jempbox\1.8.12\jempbox-1.8.12.jar;C:\Users\Joseph Alfred\.m2\repository\org\bouncycastle\bcmail-jdk15on\1.54\bcmail-jdk15on-1.54.jar;C:\Users\Joseph Alfred\.m2\repository\org\bouncycastle\bcpkix-jdk15on\1.54\bcpkix-jdk15on-1.54.jar;C:\Users\Joseph Alfred\.m2\repository\org\bouncycastle\bcprov-jdk15on\1.54\bcprov-jdk15on-1.54.jar;C:\Users\Joseph Alfred\.m2\repository\org\ccil\cowan\tagsoup\tagsoup\1.2.1\tagsoup-1.2.1.jar;C:\Users\Joseph Alfred\.m2\repository\org\ow2\asm\asm\5.0.4\asm-5.0.4.jar;C:\Users\Joseph Alfred\.m2\repository\de\l3s\boilerpipe\boilerpipe\1.1.0\boilerpipe-1.1.0.jar;C:\Users\Joseph Alfred\.m2\repository\com\rometools\rome\1.5.1\rome-1.5.1.jar;C:\Users\Joseph Alfred\.m2\repository\com\rometools\rome-utils\1.5.1\rome-utils-1.5.1.jar;C:\Users\Joseph Alfred\.m2\repository\com\googlecode\juniversalchardet\juniversalchardet\1.0.3\juniversalchardet-1.0.3.jar;C:\Users\Joseph Alfred\.m2\repository\org\codelibs\jhighlight\1.0.2\jhighlight-1.0.2.jar;C:\Users\Joseph Alfred\.m2\repository\org\apache\cxf\cxf-rt-rs-client\3.0.3\cxf-rt-rs-client-3.0.3.jar;C:\Users\Joseph Alfred\.m2\repository\org\apache\cxf\cxf-rt-transports-http\3.0.3\cxf-rt-transports-http-3.0.3.jar;C:\Users\Joseph Alfred\.m2\repository\org\apache\cxf\cxf-core\3.0.3\cxf-core-3.0.3.jar;C:\Users\Joseph Alfred\.m2\repository\org\codehaus\woodstox\woodstox-core-asl\4.4.1\woodstox-core-asl-4.4.1.jar;C:\Users\Joseph Alfred\.m2\repository\org\apache\ws\xmlschema\xmlschema-core\2.1.0\xmlschema-core-2.1.0.jar;C:\Users\Joseph Alfred\.m2\repository\org\apache\cxf\cxf-rt-frontend-jaxrs\3.0.3\cxf-rt-frontend-jaxrs-3.0.3.jar;C:\Users\Joseph Alfred\.m2\repository\javax\ws\rs\javax.ws.rs-api\2.0.1\javax.ws.rs-api-2.0.1.jar;C:\Users\Joseph Alfred\.m2\repository\com\googlecode\json-simple\json-simple\1.1.1\json-simple-1.1.1.jar;C:\Users\Joseph Alfred\.m2\repository\org\pf4j\pf4j\3.6.0\pf4j-3.6.0.jar;C:\Users\Joseph Alfred\.m2\repository\com\github\zafarkhaja\java-semver\0.9.0\java-semver-0.9.0.jar;C:\Users\Joseph Alfred\.m2\repository\net\bytebuddy\byte-buddy\1.9.10\byte-buddy-1.9.10.jar;C:\Users\Joseph Alfred\.m2\repository\commons-digester\commons-digester\2.1\commons-digester-2.1.jar;C:\Users\Joseph Alfred\.m2\repository\commons-validator\commons-validator\1.6\commons-validator-1.6.jar;C:\Users\Joseph Alfred\.m2\repository\org\apache\commons\commons-math3\3.3\commons-math3-3.3.jar;C:\Users\Joseph Alfred\.m2\repository\org\jsoup\jsoup\1.11.3\jsoup-1.11.3.jar;C:\Users\Joseph Alfred\.m2\repository\net\sourceforge\findbugs\annotations\1.3.2\annotations-1.3.2.jar;C:\Users\Joseph Alfred\.m2\repository\org\freemarker\freemarker\2.3.23\freemarker-2.3.23.jar;C:\Users\Joseph Alfred\.m2\repository\org\logback-extensions\logback-ext-spring\0.1.5\logback-ext-spring-0.1.5.jar;C:\Users\Joseph Alfred\.m2\repository\com\workfusion\spa\bot\bot-execution-api-dto\10.2.7.20\bot-execution-api-dto-10.2.7.20.jar;C:\Users\Joseph Alfred\.m2\repository\io\swagger\swagger-annotations\1.5.14\swagger-annotations-1.5.14.jar;C:\Users\Joseph Alfred\.m2\repository\com\workfusion\spa\bot\bot-execution-api-common\10.2.7.20\bot-execution-api-common-10.2.7.20.jar;C:\Users\Joseph Alfred\.m2\repository\com\workfusion\spa\bot\bot-execution-api-internal\10.2.7.20\bot-execution-api-internal-10.2.7.20.jar;C:\Users\Joseph Alfred\.m2\repository\com\cybozu\labs\langdetect\1.1-20120112\langdetect-1.1-20120112.jar;C:\Users\Joseph Alfred\.m2\repository\net\arnx\jsonic\1.2.7\jsonic-1.2.7.jar;C:\Users\Joseph Alfred\.m2\repository\com\wcohen\second-string\20120620\second-string-20120620.jar;C:\Users\Joseph Alfred\.m2\repository\com\workfusion\spa\bot\bot-execution-api-provided\10.2.7.20\bot-execution-api-provided-10.2.7.20.jar;C:\Users\Joseph Alfred\.m2\repository\org\apache\httpcomponents\httpmime\4.5.5\httpmime-4.5.5.jar;C:\Users\Joseph Alfred\.m2\repository\org\apache\poi\poi\3.17\poi-3.17.jar;C:\Users\Joseph Alfred\.m2\repository\org\apache\commons\commons-collections4\4.1\commons-collections4-4.1.jar;C:\Users\Joseph Alfred\.m2\repository\org\apache\poi\poi-ooxml\3.17\poi-ooxml-3.17.jar;C:\Users\Joseph Alfred\.m2\repository\org\apache\poi\poi-ooxml-schemas\3.17\poi-ooxml-schemas-3.17.jar;C:\Users\Joseph Alfred\.m2\repository\org\apache\xmlbeans\xmlbeans\2.6.0\xmlbeans-2.6.0.jar;C:\Users\Joseph Alfred\.m2\repository\com\github\virtuald\curvesapi\1.04\curvesapi-1.04.jar;C:\Users\Joseph Alfred\.m2\repository\org\apache\poi\poi-scratchpad\3.17\poi-scratchpad-3.17.jar;C:\Users\Joseph Alfred\.m2\repository\com\codeborne\phantomjsdriver\1.4.0\phantomjsdriver-1.4.0.jar;C:\Users\Joseph Alfred\.m2\repository\org\apache\opennlp\opennlp-tools\1.6.0\opennlp-tools-1.6.0.jar;C:\Users\Joseph Alfred\.m2\repository\net\sf\opencsv\opencsv\2.0\opencsv-2.0.jar;C:\Users\Joseph Alfred\.m2\repository\com\hazelcast\hazelcast\5.1.1\hazelcast-5.1.1.jar;C:\Users\Joseph Alfred\.m2\repository\javax\validation\validation-api\2.0.1.Final\validation-api-2.0.1.Final.jar;C:\Users\Joseph Alfred\.m2\repository\com\zaxxer\HikariCP\3.2.0\HikariCP-3.2.0.jar;C:\Users\Joseph Alfred\.m2\repository\commons-pool\commons-pool\1.6\commons-pool-1.6.jar;C:\Users\Joseph Alfred\.m2\repository\com\hazelcast\hazelcast-spring\5.1.1\hazelcast-spring-5.1.1.jar;C:\Users\Joseph Alfred\.m2\repository\com\hazelcast\hazelcast-zookeeper\4.0.2\hazelcast-zookeeper-4.0.2.jar;C:\Users\Joseph Alfred\.m2\repository\nl\garvelink\oss\iban\1.3.0\iban-1.3.0.jar;C:\Users\Joseph Alfred\.m2\repository\org\iban4j\iban4j\3.1.0\iban4j-3.1.0.jar;C:\Users\Joseph Alfred\.m2\repository\org\reflections\reflections-maven\0.9.8\reflections-maven-0.9.8.jar;C:\Users\Joseph Alfred\.m2\repository\org\reflections\reflections\0.9.8\reflections-0.9.8.jar;C:\Users\Joseph Alfred\.m2\repository\dom4j\dom4j\1.6.1\dom4j-1.6.1.jar;C:\Users\Joseph Alfred\.m2\repository\org\jfrog\maven\annomojo\maven-plugin-anno\1.4.1\maven-plugin-anno-1.4.1.jar;C:\Users\Joseph Alfred\.m2\repository\com\google\code\findbugs\jsr305\3.0.2\jsr305-3.0.2.jar;C:\Users\Joseph Alfred\.m2\repository\wss4j\wss4j\1.5.1\wss4j-1.5.1.jar;C:\Users\Joseph Alfred\.m2\repository\org\mvel\mvel2\2.1.3.Final\mvel2-2.1.3.Final.jar;C:\Users\Joseph Alfred\.m2\repository\javax\cache\cache-api\1.0.0\cache-api-1.0.0.jar;C:\Users\Joseph Alfred\.m2\repository\com\workfusion\webharvest\workfusion-webharvest-core\1.6.123\workfusion-webharvest-core-1.6.123.jar;C:\Users\Joseph Alfred\.m2\repository\net\sourceforge\htmlcleaner\htmlcleaner\2.24\htmlcleaner-2.24.jar;C:\Users\Joseph Alfred\.m2\repository\org\jdom\jdom2\2.0.5\jdom2-2.0.5.jar;C:\Users\Joseph Alfred\.m2\repository\commons-lang\commons-lang\2.6\commons-lang-2.6.jar;C:\Users\Joseph Alfred\.m2\repository\commons-httpclient\commons-httpclient\3.1-jenkins-3\commons-httpclient-3.1-jenkins-3.jar;C:\Users\Joseph Alfred\.m2\repository\org\apache\commons\commons-email\1.5\commons-email-1.5.jar;C:\Users\Joseph Alfred\.m2\repository\com\sun\mail\javax.mail\1.5.6\javax.mail-1.5.6.jar;C:\Users\Joseph Alfred\.m2\repository\javax\activation\activation\1.1\activation-1.1.jar;C:\Users\Joseph Alfred\.m2\repository\commons-net\commons-net\3.6\commons-net-3.6.jar;C:\Users\Joseph Alfred\.m2\repository\net\sourceforge\saxon\saxon\9.1.0.8\saxon-9.1.0.8.jar;C:\Users\Joseph Alfred\.m2\repository\net\sourceforge\saxon\saxon\9.1.0.8\saxon-9.1.0.8-dom.jar;C:\Users\Joseph Alfred\.m2\repository\org\beanshell\bsh\2.0b5\bsh-2.0b5.jar;C:\Users\Joseph Alfred\.m2\repository\org\mozilla\rhino\1.7.7.1\rhino-1.7.7.1.jar;C:\Users\Joseph Alfred\.m2\repository\ca\juliusdavies\not-yet-commons-ssl\0.3.17\not-yet-commons-ssl-0.3.17.jar;C:\Users\Joseph Alfred\.m2\repository\com\workfusion\secretmanagement\workfusion-secret-management\10.2.100.1\workfusion-secret-management-10.2.100.1.jar;C:\Users\Joseph Alfred\.m2\repository\com\workfusion\util\health-check-common\1.0.120\health-check-common-1.0.120.jar;C:\Users\Joseph Alfred\.m2\repository\org\springframework\vault\spring-vault-core\1.1.1.RELEASE\spring-vault-core-1.1.1.RELEASE.jar;C:\Users\Joseph Alfred\.m2\repository\org\skyscreamer\jsonassert\1.4.0\jsonassert-1.4.0.jar;C:\Users\Joseph Alfred\.m2\repository\com\vaadin\external\google\android-json\0.0.20131108.vaadin1\android-json-0.0.20131108.vaadin1.jar;C:\Users\Joseph Alfred\.m2\repository\com\google\code\gson\gson\2.8.9\gson-2.8.9.jar;C:\Users\Joseph Alfred\.m2\repository\net\minidev\json-smart\2.3.1\json-smart-2.3.1.jar;C:\Users\Joseph Alfred\.m2\repository\net\minidev\accessors-smart\2.3.1\accessors-smart-2.3.1.jar;C:\Users\Joseph Alfred\.m2\repository\net\java\dev\jna\jna-platform\5.12.1\jna-platform-5.12.1.jar;C:\Users\Joseph Alfred\.m2\repository\net\java\dev\jna\jna\5.12.1\jna-5.12.1.jar;C:\Users\Joseph Alfred\.m2\repository\org\apache\maven\maven-core\3.6.1\maven-core-3.6.1.jar;C:\Users\Joseph Alfred\.m2\repository\org\apache\maven\maven-model\3.6.1\maven-model-3.6.1.jar;C:\Users\Joseph Alfred\.m2\repository\org\apache\maven\maven-settings\3.6.1\maven-settings-3.6.1.jar;C:\Users\Joseph Alfred\.m2\repository\org\apache\maven\maven-settings-builder\3.6.1\maven-settings-builder-3.6.1.jar;C:\Users\Joseph Alfred\.m2\repository\org\codehaus\plexus\plexus-interpolation\1.25\plexus-interpolation-1.25.jar;C:\Users\Joseph Alfred\.m2\repository\org\sonatype\plexus\plexus-sec-dispatcher\1.4\plexus-sec-dispatcher-1.4.jar;C:\Users\Joseph Alfred\.m2\repository\org\sonatype\plexus\plexus-cipher\1.4\plexus-cipher-1.4.jar;C:\Users\Joseph Alfred\.m2\repository\org\apache\maven\maven-builder-support\3.6.1\maven-builder-support-3.6.1.jar;C:\Users\Joseph Alfred\.m2\repository\org\apache\maven\maven-repository-metadata\3.6.1\maven-repository-metadata-3.6.1.jar;C:\Users\Joseph Alfred\.m2\repository\org\apache\maven\maven-artifact\3.6.1\maven-artifact-3.6.1.jar;C:\Users\Joseph Alfred\.m2\repository\org\apache\maven\maven-plugin-api\3.6.1\maven-plugin-api-3.6.1.jar;C:\Users\Joseph Alfred\.m2\repository\org\apache\maven\maven-model-builder\3.6.1\maven-model-builder-3.6.1.jar;C:\Users\Joseph Alfred\.m2\repository\org\apache\maven\maven-resolver-provider\3.6.1\maven-resolver-provider-3.6.1.jar;C:\Users\Joseph Alfred\.m2\repository\org\apache\maven\resolver\maven-resolver-impl\1.3.3\maven-resolver-impl-1.3.3.jar;C:\Users\Joseph Alfred\.m2\repository\org\apache\maven\resolver\maven-resolver-api\1.3.3\maven-resolver-api-1.3.3.jar;C:\Users\Joseph Alfred\.m2\repository\org\apache\maven\resolver\maven-resolver-spi\1.3.3\maven-resolver-spi-1.3.3.jar;C:\Users\Joseph Alfred\.m2\repository\org\apache\maven\resolver\maven-resolver-util\1.3.3\maven-resolver-util-1.3.3.jar;C:\Users\Joseph Alfred\.m2\repository\org\apache\maven\shared\maven-shared-utils\3.2.1\maven-shared-utils-3.2.1.jar;C:\Users\Joseph Alfred\.m2\repository\org\eclipse\sisu\org.eclipse.sisu.plexus\0.3.3\org.eclipse.sisu.plexus-0.3.3.jar;C:\Users\Joseph Alfred\.m2\repository\javax\enterprise\cdi-api\1.0\cdi-api-1.0.jar;C:\Users\Joseph Alfred\.m2\repository\javax\annotation\jsr250-api\1.0\jsr250-api-1.0.jar;C:\Users\Joseph Alfred\.m2\repository\org\eclipse\sisu\org.eclipse.sisu.inject\0.3.3\org.eclipse.sisu.inject-0.3.3.jar;C:\Users\Joseph Alfred\.m2\repository\com\google\inject\guice\4.2.1\guice-4.2.1-no_aop.jar;C:\Users\Joseph Alfred\.m2\repository\aopalliance\aopalliance\1.0\aopalliance-1.0.jar;C:\Users\Joseph Alfred\.m2\repository\org\codehaus\plexus\plexus-utils\3.2.0\plexus-utils-3.2.0.jar;C:\Users\Joseph Alfred\.m2\repository\org\codehaus\plexus\plexus-classworlds\2.6.0\plexus-classworlds-2.6.0.jar;C:\Users\Joseph Alfred\.m2\repository\org\codehaus\plexus\plexus-component-annotations\1.7.1\plexus-component-annotations-1.7.1.jar;C:\Users\Joseph Alfred\.m2\repository\org\jboss\forge\furnace\furnace-manager-resolver-maven\2.28.4.Final\furnace-manager-resolver-maven-2.28.4.Final.jar;C:\Users\Joseph Alfred\.m2\repository\org\jboss\forge\furnace\furnace-manager-spi\2.28.4.Final\furnace-manager-spi-2.28.4.Final.jar;C:\Users\Joseph Alfred\.m2\repository\org\apache\maven\resolver\maven-resolver-connector-basic\1.1.1\maven-resolver-connector-basic-1.1.1.jar;C:\Users\Joseph Alfred\.m2\repository\org\apache\maven\resolver\maven-resolver-transport-wagon\1.1.1\maven-resolver-transport-wagon-1.1.1.jar;C:\Users\Joseph Alfred\.m2\repository\org\apache\maven\wagon\wagon-provider-api\3.0.0\wagon-provider-api-3.0.0.jar;C:\Users\Joseph Alfred\.m2\repository\org\apache\maven\wagon\wagon-http-lightweight\2.12\wagon-http-lightweight-2.12.jar;C:\Users\Joseph Alfred\.m2\repository\org\apache\maven\wagon\wagon-http-shared\2.12\wagon-http-shared-2.12.jar;C:\Users\Joseph Alfred\.m2\repository\org\apache\maven\wagon\wagon-file\2.12\wagon-file-2.12.jar;C:\Users\Joseph Alfred\.m2\repository\ch\qos\logback\logback-classic\1.2.3\logback-classic-1.2.3.jar;C:\Users\Joseph Alfred\.m2\repository\ch\qos\logback\logback-core\1.2.3\logback-core-1.2.3.jar;C:\Users\Joseph Alfred\.m2\repository\org\mockito\mockito-junit-jupiter\3.1.0\mockito-junit-jupiter-3.1.0.jar;C:\Users\Joseph Alfred\.m2\repository\org\mockito\mockito-core\3.1.0\mockito-core-3.1.0.jar;C:\Users\Joseph Alfred\.m2\repository\net\bytebuddy\byte-buddy-agent\1.9.10\byte-buddy-agent-1.9.10.jar;C:\Users\Joseph Alfred\.m2\repository\org\objenesis\objenesis\2.6\objenesis-2.6.jar;C:\Users\Joseph Alfred\.m2\repository\org\assertj\assertj-core\3.14.0\assertj-core-3.14.0.jar;C:\Users\Joseph Alfred\.m2\repository\com\workfusion\spa\bot\bot-execution-api\10.2.7.20\bot-execution-api-10.2.7.20.jar;C:\Users\Joseph Alfred\.m2\repository\com\workfusion\bot-task-api\0.0.4\bot-task-api-0.0.4.jar;C:\Users\Joseph Alfred\.m2\repository\com\workfusion\recorder-custom-script-action\0.0.3\recorder-custom-script-action-0.0.3.jar;C:\Users\Joseph Alfred\.m2\repository\com\workfusion\rpa-api\10.2.7.18\rpa-api-10.2.7.18.jar;C:\Users\Joseph Alfred\.m2\repository\com\workfusion\spa\bot\bot-execution-rpa-api-common\10.2.7.20\bot-execution-rpa-api-common-10.2.7.20.jar;C:\Users\Joseph Alfred\.m2\repository\com\workfusion\rpa-selenium-api\10.1.0.20\rpa-selenium-api-10.1.0.20.jar;C:\Users\Joseph Alfred\.m2\repository\com\workfusion\rpa-selenium-chrome-driver\10.1.0.20\rpa-selenium-chrome-driver-10.1.0.20.jar;C:\Users\Joseph Alfred\.m2\repository\com\workfusion\rpa-selenium-edge-driver\10.1.0.20\rpa-selenium-edge-driver-10.1.0.20.jar;C:\Users\Joseph Alfred\.m2\repository\com\workfusion\rpa-selenium-firefox-driver\10.1.0.20\rpa-selenium-firefox-driver-10.1.0.20.jar;C:\Users\Joseph Alfred\.m2\repository\com\workfusion\rpa-selenium-ie-driver\10.1.0.20\rpa-selenium-ie-driver-10.1.0.20.jar;C:\Users\Joseph Alfred\.m2\repository\com\workfusion\rpa-selenium-safari-driver\10.1.0.20\rpa-selenium-safari-driver-10.1.0.20.jar;C:\Users\Joseph Alfred\.m2\repository\com\workfusion\rpa-selenium-opera-driver\10.1.0.20\rpa-selenium-opera-driver-10.1.0.20.jar;C:\Users\Joseph Alfred\.m2\repository\com\workfusion\rpa-selenium-remote-driver\10.1.0.20\rpa-selenium-remote-driver-10.1.0.20.jar;C:\Users\Joseph Alfred\.m2\repository\com\workfusion\rpa-selenium-java\10.1.0.20\rpa-selenium-java-10.1.0.20.jar;C:\Users\Joseph Alfred\.m2\repository\com\workfusion\rpa-selenium-leg-rc\10.1.0.20\rpa-selenium-leg-rc-10.1.0.20.jar;C:\Users\Joseph Alfred\.m2\repository\com\workfusion\rpa-selenium-server\10.1.0.20\rpa-selenium-server-10.1.0.20.jar;C:\Users\Joseph Alfred\.m2\repository\com\workfusion\rpa-selenium-support\10.1.0.20\rpa-selenium-support-10.1.0.20.jar;C:\Users\Joseph Alfred\.m2\repository\org\codehaus\groovy\groovy\2.5.1\groovy-2.5.1.jar;C:\Users\Joseph Alfred\.m2\repository\org\codehaus\groovy\groovy-ant\2.5.1\groovy-ant-2.5.1.jar;C:\Users\Joseph Alfred\.m2\repository\org\codehaus\groovy\groovy-cli-commons\2.5.1\groovy-cli-commons-2.5.1.jar;C:\Users\Joseph Alfred\.m2\repository\org\codehaus\groovy\groovy-cli-picocli\2.5.1\groovy-cli-picocli-2.5.1.jar;C:\Users\Joseph Alfred\.m2\repository\org\codehaus\groovy\groovy-console\2.5.1\groovy-console-2.5.1.jar;C:\Users\Joseph Alfred\.m2\repository\org\codehaus\groovy\groovy-datetime\2.5.1\groovy-datetime-2.5.1.jar;C:\Users\Joseph Alfred\.m2\repository\org\codehaus\groovy\groovy-docgenerator\2.5.1\groovy-docgenerator-2.5.1.jar;C:\Users\Joseph Alfred\.m2\repository\org\codehaus\groovy\groovy-groovydoc\2.5.1\groovy-groovydoc-2.5.1.jar;C:\Users\Joseph Alfred\.m2\repository\org\codehaus\groovy\groovy-groovysh\2.5.1\groovy-groovysh-2.5.1.jar;C:\Users\Joseph Alfred\.m2\repository\org\codehaus\groovy\groovy-jmx\2.5.1\groovy-jmx-2.5.1.jar;C:\Users\Joseph Alfred\.m2\repository\org\codehaus\groovy\groovy-json\2.5.1\groovy-json-2.5.1.jar;C:\Users\Joseph Alfred\.m2\repository\org\codehaus\groovy\groovy-jsr223\2.5.1\groovy-jsr223-2.5.1.jar;C:\Users\Joseph Alfred\.m2\repository\org\codehaus\groovy\groovy-macro\2.5.1\groovy-macro-2.5.1.jar;C:\Users\Joseph Alfred\.m2\repository\org\codehaus\groovy\groovy-nio\2.5.1\groovy-nio-2.5.1.jar;C:\Users\Joseph Alfred\.m2\repository\org\codehaus\groovy\groovy-servlet\2.5.1\groovy-servlet-2.5.1.jar;C:\Users\Joseph Alfred\.m2\repository\org\codehaus\groovy\groovy-sql\2.5.1\groovy-sql-2.5.1.jar;C:\Users\Joseph Alfred\.m2\repository\org\codehaus\groovy\groovy-swing\2.5.1\groovy-swing-2.5.1.jar;C:\Users\Joseph Alfred\.m2\repository\org\codehaus\groovy\groovy-templates\2.5.1\groovy-templates-2.5.1.jar;C:\Users\Joseph Alfred\.m2\repository\org\codehaus\groovy\groovy-test\2.5.1\groovy-test-2.5.1.jar;C:\Users\Joseph Alfred\.m2\repository\org\codehaus\groovy\groovy-test-junit5\2.5.1\groovy-test-junit5-2.5.1.jar;C:\Users\Joseph Alfred\.m2\repository\org\codehaus\groovy\groovy-testng\2.5.1\groovy-testng-2.5.1.jar;C:\Users\Joseph Alfred\.m2\repository\org\codehaus\groovy\groovy-xml\2.5.1\groovy-xml-2.5.1.jar;C:\Users\Joseph Alfred\.m2\repository\org\codehaus\groovy\groovy-dateutil\2.5.1\groovy-dateutil-2.5.1.jar;C:\Users\Joseph Alfred\.m2\repository\org\slf4j\slf4j-api\1.7.35\slf4j-api-1.7.35.jar;"/>
    <property name="sun.cpu.endian" value="little"/>
    <property name="user.home" value="C:\Users\Joseph Alfred"/>
    <property name="user.language" value="en"/>
    <property name="java.specification.vendor" value="Oracle Corporation"/>
    <property name="java.home" value="D:\IntelligentAutomationCloudDeveloper\RPA\java\jre"/>
    <property name="basedir" value="C:\Users\Joseph Alfred\workfusion-workspace\project1\project1-bcb"/>
    <property name="file.separator" value="\"/>
    <property name="line.separator" value="&#10;"/>
    <property name="jdk.vendor.version" value="Zulu 8.68.0.19-CA-win64"/>
    <property name="java.vm.specification.vendor" value="Oracle Corporation"/>
    <property name="java.specification.name" value="Java Platform API Specification"/>
    <property name="java.awt.graphicsenv" value="sun.awt.Win32GraphicsEnvironment"/>
    <property name="surefire.real.class.path" value="C:\Users\JOSEPH~1\AppData\Local\Temp\surefire7301572752935262819\surefirebooter1218585442843723966.jar"/>
    <property name="sun.boot.class.path" value="D:\IntelligentAutomationCloudDeveloper\RPA\java\jre\lib\resources.jar;D:\IntelligentAutomationCloudDeveloper\RPA\java\jre\lib\rt.jar;D:\IntelligentAutomationCloudDeveloper\RPA\java\jre\lib\sunrsasign.jar;D:\IntelligentAutomationCloudDeveloper\RPA\java\jre\lib\jsse.jar;D:\IntelligentAutomationCloudDeveloper\RPA\java\jre\lib\jce.jar;D:\IntelligentAutomationCloudDeveloper\RPA\java\jre\lib\charsets.jar;D:\IntelligentAutomationCloudDeveloper\RPA\java\jre\lib\jfr.jar;D:\IntelligentAutomationCloudDeveloper\RPA\java\jre\lib\cat.jar;D:\IntelligentAutomationCloudDeveloper\RPA\java\jre\classes"/>
    <property name="user.script" value=""/>
    <property name="sun.management.compiler" value="HotSpot 64-Bit Tiered Compilers"/>
    <property name="java.runtime.version" value="1.8.0_362-b08"/>
    <property name="user.name" value="Joseph Alfred"/>
    <property name="path.separator" value=";"/>
    <property name="os.version" value="10.0"/>
    <property name="java.endorsed.dirs" value="D:\IntelligentAutomationCloudDeveloper\RPA\java\jre\lib\endorsed"/>
    <property name="java.runtime.name" value="OpenJDK Runtime Environment"/>
    <property name="file.encoding" value="Cp1252"/>
    <property name="java.vm.name" value="OpenJDK 64-Bit Server VM"/>
    <property name="localRepository" value="C:\Users\Joseph Alfred\.m2\repository"/>
    <property name="java.vendor.url.bug" value="http://www.azul.com/support/"/>
    <property name="java.io.tmpdir" value="C:\Users\JOSEPH~1\AppData\Local\Temp\"/>
    <property name="java.version" value="1.8.0_362"/>
    <property name="user.dir" value="C:\Users\Joseph Alfred\workfusion-workspace\project1\project1-bcb"/>
    <property name="os.arch" value="amd64"/>
    <property name="java.vm.specification.name" value="Java Virtual Machine Specification"/>
    <property name="java.awt.printerjob" value="sun.awt.windows.WPrinterJob"/>
    <property name="sun.os.patch.level" value=""/>
    <property name="java.library.path" value="D:\IntelligentAutomationCloudDeveloper\RPA\java\jre\bin;C:\WINDOWS\Sun\Java\bin;C:\WINDOWS\system32;C:\WINDOWS;C:\Program Files\Common Files\Oracle\Java\javapath;C:\windows\system32;C:\windows;C:\windows\System32\Wbem;C:\windows\System32\WindowsPowerShell\v1.0\;C:\windows\System32\OpenSSH\;C:\Program Files (x86)\NVIDIA Corporation\PhysX\Common;C:\Program Files\NVIDIA Corporation\NVIDIA NvDLISR;C:\WINDOWS\system32;C:\WINDOWS;C:\WINDOWS\System32\Wbem;C:\WINDOWS\System32\WindowsPowerShell\v1.0\;C:\WINDOWS\System32\OpenSSH\;D:\IntelligentAutomationCloudDeveloper\RPA\java\bin;C:\Program Files\Apache Maven\apache-maven-3.9.2\bin;C:\Program Files (x86)\Microsoft SQL Server\160\Tools\Binn\;C:\Program Files\Microsoft SQL Server\160\Tools\Binn\;C:\Program Files\Microsoft SQL Server\Client SDK\ODBC\170\Tools\Binn\;C:\Program Files\Microsoft SQL Server\160\DTS\Binn\;C:\Program Files\Microsoft SQL Server\Client SDK\ODBC\130\Tools\Binn\;C:\Program Files (x86)\Microsoft SQL Server\130\Tools\Binn\;C:\Program Files\Microsoft SQL Server\130\Tools\Binn\;C:\Program Files\Microsoft SQL Server\130\DTS\Binn\;C:\Users\Joseph Alfred\AppData\Local\Microsoft\WindowsApps;C:\Program Files\Apache Maven\apache-maven-3.9.2\bin;D:\IntelligentAutomationCloudDeveloper\RPA\java\bin;;."/>
    <property name="java.vm.info" value="mixed mode"/>
    <property name="java.vendor" value="Azul Systems, Inc."/>
    <property name="java.vm.version" value="25.362-b08"/>
    <property name="java.specification.maintenance.version" value="4"/>
    <property name="java.ext.dirs" value="D:\IntelligentAutomationCloudDeveloper\RPA\java\jre\lib\ext;C:\WINDOWS\Sun\Java\lib\ext"/>
    <property name="sun.io.unicode.encoding" value="UnicodeLittle"/>
    <property name="java.class.version" value="52.0"/>
  </properties>
  <testcase name="shouldRunExampleBotTask{BotTaskFactory}" classname="ronnie.wfusion.task.ExampleBotTaskTest" time="61.551"/>
</testsuite>